{"E:\\BotApp\\AB-Developemtent---Design\\src\\scripts\\components\\background-effects.js": {"path":"E:\\BotApp\\AB-Developemtent---Design\\src\\scripts\\components\\background-effects.js","statementMap":{"0":{"start":{"line":6,"column":4},"end":{"line":6,"column":54}},"1":{"start":{"line":7,"column":4},"end":{"line":11,"column":6}},"2":{"start":{"line":15,"column":4},"end":{"line":23,"column":5}},"3":{"start":{"line":17,"column":6},"end":{"line":17,"column":37}},"4":{"start":{"line":18,"column":6},"end":{"line":18,"column":33}},"5":{"start":{"line":19,"column":6},"end":{"line":19,"column":18}},"6":{"start":{"line":21,"column":6},"end":{"line":21,"column":66}},"7":{"start":{"line":22,"column":6},"end":{"line":22,"column":18}},"8":{"start":{"line":29,"column":4},"end":{"line":31,"column":5}},"9":{"start":{"line":30,"column":6},"end":{"line":30,"column":42}},"10":{"start":{"line":35,"column":4},"end":{"line":35,"column":59}},"11":{"start":{"line":35,"column":38},"end":{"line":35,"column":57}},"12":{"start":{"line":39,"column":4},"end":{"line":41,"column":5}},"13":{"start":{"line":40,"column":6},"end":{"line":40,"column":43}},"14":{"start":{"line":45,"column":38},"end":{"line":48,"column":1}},"15":{"start":{"line":46,"column":23},"end":{"line":46,"column":49}},"16":{"start":{"line":47,"column":2},"end":{"line":47,"column":29}}},"fnMap":{"0":{"name":"(anonymous_0)","decl":{"start":{"line":5,"column":2},"end":{"line":5,"column":3}},"loc":{"start":{"line":5,"column":24},"end":{"line":12,"column":3}},"line":5},"1":{"name":"(anonymous_1)","decl":{"start":{"line":14,"column":2},"end":{"line":14,"column":3}},"loc":{"start":{"line":14,"column":15},"end":{"line":24,"column":3}},"line":14},"2":{"name":"(anonymous_2)","decl":{"start":{"line":26,"column":2},"end":{"line":26,"column":3}},"loc":{"start":{"line":26,"column":28},"end":{"line":32,"column":3}},"line":26},"3":{"name":"(anonymous_3)","decl":{"start":{"line":34,"column":2},"end":{"line":34,"column":3}},"loc":{"start":{"line":34,"column":24},"end":{"line":36,"column":3}},"line":34},"4":{"name":"(anonymous_4)","decl":{"start":{"line":35,"column":32},"end":{"line":35,"column":33}},"loc":{"start":{"line":35,"column":38},"end":{"line":35,"column":57}},"line":35},"5":{"name":"(anonymous_5)","decl":{"start":{"line":38,"column":2},"end":{"line":38,"column":3}},"loc":{"start":{"line":38,"column":17},"end":{"line":42,"column":3}},"line":38},"6":{"name":"(anonymous_6)","decl":{"start":{"line":45,"column":38},"end":{"line":45,"column":39}},"loc":{"start":{"line":45,"column":58},"end":{"line":48,"column":1}},"line":45}},"branchMap":{"0":{"loc":{"start":{"line":29,"column":4},"end":{"line":31,"column":5}},"type":"if","locations":[{"start":{"line":29,"column":4},"end":{"line":31,"column":5}},{"start":{},"end":{}}],"line":29},"1":{"loc":{"start":{"line":29,"column":8},"end":{"line":29,"column":70}},"type":"binary-expr","locations":[{"start":{"line":29,"column":8},"end":{"line":29,"column":22}},{"start":{"line":29,"column":26},"end":{"line":29,"column":70}}],"line":29},"2":{"loc":{"start":{"line":39,"column":4},"end":{"line":41,"column":5}},"type":"if","locations":[{"start":{"line":39,"column":4},"end":{"line":41,"column":5}},{"start":{},"end":{}}],"line":39},"3":{"loc":{"start":{"line":39,"column":8},"end":{"line":39,"column":70}},"type":"binary-expr","locations":[{"start":{"line":39,"column":8},"end":{"line":39,"column":22}},{"start":{"line":39,"column":26},"end":{"line":39,"column":70}}],"line":39}},"s":{"0":0,"1":0,"2":0,"3":0,"4":0,"5":0,"6":0,"7":0,"8":0,"9":0,"10":0,"11":0,"12":0,"13":0,"14":0,"15":0,"16":0},"f":{"0":0,"1":0,"2":0,"3":0,"4":0,"5":0,"6":0},"b":{"0":[0,0],"1":[0,0],"2":[0,0],"3":[0,0]}}
,"E:\\BotApp\\AB-Developemtent---Design\\src\\scripts\\components\\contact-form.js": {"path":"E:\\BotApp\\AB-Developemtent---Design\\src\\scripts\\components\\contact-form.js","statementMap":{"0":{"start":{"line":7,"column":4},"end":{"line":7,"column":48}},"1":{"start":{"line":8,"column":4},"end":{"line":8,"column":72}},"2":{"start":{"line":8,"column":20},"end":{"line":8,"column":72}},"3":{"start":{"line":10,"column":4},"end":{"line":10,"column":16}},"4":{"start":{"line":14,"column":4},"end":{"line":14,"column":31}},"5":{"start":{"line":15,"column":4},"end":{"line":15,"column":31}},"6":{"start":{"line":19,"column":4},"end":{"line":19,"column":45}},"7":{"start":{"line":20,"column":4},"end":{"line":20,"column":76}},"8":{"start":{"line":22,"column":4},"end":{"line":25,"column":7}},"9":{"start":{"line":23,"column":6},"end":{"line":23,"column":70}},"10":{"start":{"line":23,"column":43},"end":{"line":23,"column":68}},"11":{"start":{"line":24,"column":6},"end":{"line":24,"column":73}},"12":{"start":{"line":24,"column":44},"end":{"line":24,"column":71}},"13":{"start":{"line":29,"column":4},"end":{"line":29,"column":71}},"14":{"start":{"line":33,"column":4},"end":{"line":33,"column":27}},"15":{"start":{"line":35,"column":4},"end":{"line":37,"column":5}},"16":{"start":{"line":36,"column":6},"end":{"line":36,"column":13}},"17":{"start":{"line":39,"column":4},"end":{"line":61,"column":5}},"18":{"start":{"line":40,"column":23},"end":{"line":40,"column":46}},"19":{"start":{"line":41,"column":19},"end":{"line":41,"column":57}},"20":{"start":{"line":43,"column":6},"end":{"line":43,"column":31}},"21":{"start":{"line":46,"column":6},"end":{"line":46,"column":47}},"22":{"start":{"line":49,"column":6},"end":{"line":49,"column":36}},"23":{"start":{"line":52,"column":6},"end":{"line":52,"column":25}},"24":{"start":{"line":55,"column":6},"end":{"line":55,"column":24}},"25":{"start":{"line":57,"column":6},"end":{"line":57,"column":53}},"26":{"start":{"line":58,"column":6},"end":{"line":58,"column":36}},"27":{"start":{"line":60,"column":6},"end":{"line":60,"column":32}},"28":{"start":{"line":65,"column":18},"end":{"line":65,"column":22}},"29":{"start":{"line":66,"column":4},"end":{"line":70,"column":7}},"30":{"start":{"line":67,"column":6},"end":{"line":69,"column":7}},"31":{"start":{"line":68,"column":8},"end":{"line":68,"column":24}},"32":{"start":{"line":71,"column":4},"end":{"line":71,"column":19}},"33":{"start":{"line":75,"column":4},"end":{"line":75,"column":32}},"34":{"start":{"line":77,"column":4},"end":{"line":80,"column":5}},"35":{"start":{"line":78,"column":6},"end":{"line":78,"column":59}},"36":{"start":{"line":79,"column":6},"end":{"line":79,"column":19}},"37":{"start":{"line":82,"column":4},"end":{"line":89,"column":5}},"38":{"start":{"line":87,"column":6},"end":{"line":87,"column":71}},"39":{"start":{"line":88,"column":6},"end":{"line":88,"column":19}},"40":{"start":{"line":91,"column":4},"end":{"line":91,"column":16}},"41":{"start":{"line":95,"column":4},"end":{"line":95,"column":37}},"42":{"start":{"line":97,"column":18},"end":{"line":97,"column":47}},"43":{"start":{"line":98,"column":4},"end":{"line":98,"column":36}},"44":{"start":{"line":99,"column":4},"end":{"line":99,"column":32}},"45":{"start":{"line":101,"column":4},"end":{"line":101,"column":40}},"46":{"start":{"line":105,"column":4},"end":{"line":105,"column":40}},"47":{"start":{"line":106,"column":18},"end":{"line":106,"column":64}},"48":{"start":{"line":107,"column":4},"end":{"line":107,"column":30}},"49":{"start":{"line":107,"column":15},"end":{"line":107,"column":30}},"50":{"start":{"line":111,"column":4},"end":{"line":111,"column":52}},"51":{"start":{"line":117,"column":4},"end":{"line":119,"column":7}},"52":{"start":{"line":118,"column":6},"end":{"line":118,"column":40}},"53":{"start":{"line":118,"column":23},"end":{"line":118,"column":32}},"54":{"start":{"line":123,"column":25},"end":{"line":123,"column":73}},"55":{"start":{"line":124,"column":4},"end":{"line":124,"column":41}},"56":{"start":{"line":125,"column":4},"end":{"line":125,"column":76}},"57":{"start":{"line":129,"column":20},"end":{"line":129,"column":49}},"58":{"start":{"line":130,"column":4},"end":{"line":130,"column":47}},"59":{"start":{"line":131,"column":4},"end":{"line":131,"column":55}},"60":{"start":{"line":133,"column":4},"end":{"line":133,"column":60}},"61":{"start":{"line":134,"column":4},"end":{"line":134,"column":45}},"62":{"start":{"line":134,"column":21},"end":{"line":134,"column":37}},"63":{"start":{"line":138,"column":20},"end":{"line":138,"column":49}},"64":{"start":{"line":139,"column":4},"end":{"line":139,"column":45}},"65":{"start":{"line":140,"column":4},"end":{"line":141,"column":61}},"66":{"start":{"line":143,"column":4},"end":{"line":143,"column":60}},"67":{"start":{"line":144,"column":4},"end":{"line":144,"column":45}},"68":{"start":{"line":144,"column":21},"end":{"line":144,"column":37}}},"fnMap":{"0":{"name":"(anonymous_0)","decl":{"start":{"line":6,"column":2},"end":{"line":6,"column":3}},"loc":{"start":{"line":6,"column":22},"end":{"line":11,"column":3}},"line":6},"1":{"name":"(anonymous_1)","decl":{"start":{"line":13,"column":2},"end":{"line":13,"column":3}},"loc":{"start":{"line":13,"column":9},"end":{"line":16,"column":3}},"line":13},"2":{"name":"(anonymous_2)","decl":{"start":{"line":18,"column":2},"end":{"line":18,"column":3}},"loc":{"start":{"line":18,"column":24},"end":{"line":26,"column":3}},"line":18},"3":{"name":"(anonymous_3)","decl":{"start":{"line":22,"column":24},"end":{"line":22,"column":25}},"loc":{"start":{"line":22,"column":35},"end":{"line":25,"column":5}},"line":22},"4":{"name":"(anonymous_4)","decl":{"start":{"line":23,"column":37},"end":{"line":23,"column":38}},"loc":{"start":{"line":23,"column":43},"end":{"line":23,"column":68}},"line":23},"5":{"name":"(anonymous_5)","decl":{"start":{"line":24,"column":38},"end":{"line":24,"column":39}},"loc":{"start":{"line":24,"column":44},"end":{"line":24,"column":71}},"line":24},"6":{"name":"(anonymous_6)","decl":{"start":{"line":28,"column":2},"end":{"line":28,"column":3}},"loc":{"start":{"line":28,"column":24},"end":{"line":30,"column":3}},"line":28},"7":{"name":"(anonymous_7)","decl":{"start":{"line":32,"column":2},"end":{"line":32,"column":3}},"loc":{"start":{"line":32,"column":28},"end":{"line":62,"column":3}},"line":32},"8":{"name":"(anonymous_8)","decl":{"start":{"line":64,"column":2},"end":{"line":64,"column":3}},"loc":{"start":{"line":64,"column":17},"end":{"line":72,"column":3}},"line":64},"9":{"name":"(anonymous_9)","decl":{"start":{"line":66,"column":24},"end":{"line":66,"column":25}},"loc":{"start":{"line":66,"column":35},"end":{"line":70,"column":5}},"line":66},"10":{"name":"(anonymous_10)","decl":{"start":{"line":74,"column":2},"end":{"line":74,"column":3}},"loc":{"start":{"line":74,"column":23},"end":{"line":92,"column":3}},"line":74},"11":{"name":"(anonymous_11)","decl":{"start":{"line":94,"column":2},"end":{"line":94,"column":3}},"loc":{"start":{"line":94,"column":33},"end":{"line":102,"column":3}},"line":94},"12":{"name":"(anonymous_12)","decl":{"start":{"line":104,"column":2},"end":{"line":104,"column":3}},"loc":{"start":{"line":104,"column":25},"end":{"line":108,"column":3}},"line":104},"13":{"name":"(anonymous_13)","decl":{"start":{"line":110,"column":2},"end":{"line":110,"column":3}},"loc":{"start":{"line":110,"column":22},"end":{"line":112,"column":3}},"line":110},"14":{"name":"(anonymous_14)","decl":{"start":{"line":114,"column":2},"end":{"line":114,"column":3}},"loc":{"start":{"line":114,"column":27},"end":{"line":120,"column":3}},"line":114},"15":{"name":"(anonymous_15)","decl":{"start":{"line":117,"column":23},"end":{"line":117,"column":24}},"loc":{"start":{"line":117,"column":36},"end":{"line":119,"column":5}},"line":117},"16":{"name":"(anonymous_16)","decl":{"start":{"line":118,"column":17},"end":{"line":118,"column":18}},"loc":{"start":{"line":118,"column":23},"end":{"line":118,"column":32}},"line":118},"17":{"name":"(anonymous_17)","decl":{"start":{"line":122,"column":2},"end":{"line":122,"column":3}},"loc":{"start":{"line":122,"column":30},"end":{"line":126,"column":3}},"line":122},"18":{"name":"(anonymous_18)","decl":{"start":{"line":128,"column":2},"end":{"line":128,"column":3}},"loc":{"start":{"line":128,"column":16},"end":{"line":135,"column":3}},"line":128},"19":{"name":"(anonymous_19)","decl":{"start":{"line":134,"column":15},"end":{"line":134,"column":16}},"loc":{"start":{"line":134,"column":21},"end":{"line":134,"column":37}},"line":134},"20":{"name":"(anonymous_20)","decl":{"start":{"line":137,"column":2},"end":{"line":137,"column":3}},"loc":{"start":{"line":137,"column":26},"end":{"line":145,"column":3}},"line":137},"21":{"name":"(anonymous_21)","decl":{"start":{"line":144,"column":15},"end":{"line":144,"column":16}},"loc":{"start":{"line":144,"column":21},"end":{"line":144,"column":37}},"line":144}},"branchMap":{"0":{"loc":{"start":{"line":8,"column":4},"end":{"line":8,"column":72}},"type":"if","locations":[{"start":{"line":8,"column":4},"end":{"line":8,"column":72}},{"start":{},"end":{}}],"line":8},"1":{"loc":{"start":{"line":35,"column":4},"end":{"line":37,"column":5}},"type":"if","locations":[{"start":{"line":35,"column":4},"end":{"line":37,"column":5}},{"start":{},"end":{}}],"line":35},"2":{"loc":{"start":{"line":67,"column":6},"end":{"line":69,"column":7}},"type":"if","locations":[{"start":{"line":67,"column":6},"end":{"line":69,"column":7}},{"start":{},"end":{}}],"line":67},"3":{"loc":{"start":{"line":77,"column":4},"end":{"line":80,"column":5}},"type":"if","locations":[{"start":{"line":77,"column":4},"end":{"line":80,"column":5}},{"start":{},"end":{}}],"line":77},"4":{"loc":{"start":{"line":77,"column":8},"end":{"line":77,"column":54}},"type":"binary-expr","locations":[{"start":{"line":77,"column":8},"end":{"line":77,"column":38}},{"start":{"line":77,"column":42},"end":{"line":77,"column":54}}],"line":77},"5":{"loc":{"start":{"line":82,"column":4},"end":{"line":89,"column":5}},"type":"if","locations":[{"start":{"line":82,"column":4},"end":{"line":89,"column":5}},{"start":{},"end":{}}],"line":82},"6":{"loc":{"start":{"line":83,"column":6},"end":{"line":85,"column":37}},"type":"binary-expr","locations":[{"start":{"line":83,"column":6},"end":{"line":83,"column":28}},{"start":{"line":84,"column":6},"end":{"line":84,"column":17}},{"start":{"line":85,"column":6},"end":{"line":85,"column":37}}],"line":83},"7":{"loc":{"start":{"line":107,"column":4},"end":{"line":107,"column":30}},"type":"if","locations":[{"start":{"line":107,"column":4},"end":{"line":107,"column":30}},{"start":{},"end":{}}],"line":107},"8":{"loc":{"start":{"line":125,"column":31},"end":{"line":125,"column":75}},"type":"cond-expr","locations":[{"start":{"line":125,"column":46},"end":{"line":125,"column":58}},{"start":{"line":125,"column":61},"end":{"line":125,"column":75}}],"line":125},"9":{"loc":{"start":{"line":141,"column":6},"end":{"line":141,"column":60}},"type":"binary-expr","locations":[{"start":{"line":141,"column":6},"end":{"line":141,"column":18}},{"start":{"line":141,"column":22},"end":{"line":141,"column":60}}],"line":141}},"s":{"0":0,"1":0,"2":0,"3":0,"4":0,"5":0,"6":0,"7":0,"8":0,"9":0,"10":0,"11":0,"12":0,"13":0,"14":0,"15":0,"16":0,"17":0,"18":0,"19":0,"20":0,"21":0,"22":0,"23":0,"24":0,"25":0,"26":0,"27":0,"28":0,"29":0,"30":0,"31":0,"32":0,"33":0,"34":0,"35":0,"36":0,"37":0,"38":0,"39":0,"40":0,"41":0,"42":0,"43":0,"44":0,"45":0,"46":0,"47":0,"48":0,"49":0,"50":0,"51":0,"52":0,"53":0,"54":0,"55":0,"56":0,"57":0,"58":0,"59":0,"60":0,"61":0,"62":0,"63":0,"64":0,"65":0,"66":0,"67":0,"68":0},"f":{"0":0,"1":0,"2":0,"3":0,"4":0,"5":0,"6":0,"7":0,"8":0,"9":0,"10":0,"11":0,"12":0,"13":0,"14":0,"15":0,"16":0,"17":0,"18":0,"19":0,"20":0,"21":0},"b":{"0":[0,0],"1":[0,0],"2":[0,0],"3":[0,0],"4":[0,0],"5":[0,0],"6":[0,0,0],"7":[0,0],"8":[0,0],"9":[0,0]}}
,"E:\\BotApp\\AB-Developemtent---Design\\src\\scripts\\components\\device-preview.js": {"path":"E:\\BotApp\\AB-Developemtent---Design\\src\\scripts\\components\\device-preview.js","statementMap":{"0":{"start":{"line":6,"column":4},"end":{"line":6,"column":66}},"1":{"start":{"line":7,"column":4},"end":{"line":7,"column":69}},"2":{"start":{"line":8,"column":4},"end":{"line":8,"column":67}},"3":{"start":{"line":9,"column":4},"end":{"line":9,"column":64}},"4":{"start":{"line":12,"column":4},"end":{"line":22,"column":6}},"5":{"start":{"line":25,"column":4},"end":{"line":31,"column":6}},"6":{"start":{"line":33,"column":4},"end":{"line":33,"column":16}},"7":{"start":{"line":37,"column":4},"end":{"line":46,"column":5}},"8":{"start":{"line":38,"column":6},"end":{"line":38,"column":52}},"9":{"start":{"line":39,"column":6},"end":{"line":39,"column":36}},"10":{"start":{"line":40,"column":6},"end":{"line":40,"column":33}},"11":{"start":{"line":41,"column":6},"end":{"line":41,"column":35}},"12":{"start":{"line":42,"column":6},"end":{"line":42,"column":38}},"13":{"start":{"line":44,"column":6},"end":{"line":44,"column":52}},"14":{"start":{"line":45,"column":6},"end":{"line":45,"column":39}},"15":{"start":{"line":50,"column":4},"end":{"line":68,"column":5}},"16":{"start":{"line":51,"column":21},"end":{"line":51,"column":41}},"17":{"start":{"line":52,"column":6},"end":{"line":52,"column":28}},"18":{"start":{"line":52,"column":19},"end":{"line":52,"column":28}},"19":{"start":{"line":54,"column":24},"end":{"line":54,"column":64}},"20":{"start":{"line":55,"column":6},"end":{"line":55,"column":31}},"21":{"start":{"line":55,"column":22},"end":{"line":55,"column":31}},"22":{"start":{"line":58,"column":21},"end":{"line":58,"column":40}},"23":{"start":{"line":59,"column":6},"end":{"line":59,"column":36}},"24":{"start":{"line":62,"column":6},"end":{"line":62,"column":42}},"25":{"start":{"line":65,"column":6},"end":{"line":67,"column":7}},"26":{"start":{"line":66,"column":8},"end":{"line":66,"column":44}},"27":{"start":{"line":72,"column":19},"end":{"line":72,"column":51}},"28":{"start":{"line":73,"column":4},"end":{"line":73,"column":39}},"29":{"start":{"line":76,"column":4},"end":{"line":84,"column":6}},"30":{"start":{"line":86,"column":4},"end":{"line":86,"column":43}},"31":{"start":{"line":87,"column":4},"end":{"line":87,"column":57}},"32":{"start":{"line":89,"column":4},"end":{"line":89,"column":18}},"33":{"start":{"line":94,"column":4},"end":{"line":99,"column":7}},"34":{"start":{"line":95,"column":6},"end":{"line":98,"column":9}},"35":{"start":{"line":96,"column":23},"end":{"line":96,"column":44}},"36":{"start":{"line":97,"column":8},"end":{"line":97,"column":46}},"37":{"start":{"line":97,"column":20},"end":{"line":97,"column":46}},"38":{"start":{"line":102,"column":4},"end":{"line":102,"column":30}},"39":{"start":{"line":105,"column":4},"end":{"line":105,"column":34}},"40":{"start":{"line":108,"column":4},"end":{"line":110,"column":5}},"41":{"start":{"line":109,"column":6},"end":{"line":109,"column":31}},"42":{"start":{"line":113,"column":4},"end":{"line":121,"column":6}},"43":{"start":{"line":116,"column":8},"end":{"line":118,"column":9}},"44":{"start":{"line":117,"column":10},"end":{"line":117,"column":42}},"45":{"start":{"line":125,"column":26},"end":{"line":125,"column":58}},"46":{"start":{"line":126,"column":4},"end":{"line":126,"column":47}},"47":{"start":{"line":127,"column":4},"end":{"line":132,"column":8}},"48":{"start":{"line":134,"column":4},"end":{"line":134,"column":77}},"49":{"start":{"line":134,"column":50},"end":{"line":134,"column":75}},"50":{"start":{"line":135,"column":4},"end":{"line":135,"column":45}},"51":{"start":{"line":139,"column":4},"end":{"line":155,"column":7}},"52":{"start":{"line":140,"column":6},"end":{"line":154,"column":7}},"53":{"start":{"line":141,"column":26},"end":{"line":146,"column":9}},"54":{"start":{"line":148,"column":23},"end":{"line":148,"column":39}},"55":{"start":{"line":149,"column":8},"end":{"line":153,"column":9}},"56":{"start":{"line":150,"column":10},"end":{"line":150,"column":36}},"57":{"start":{"line":151,"column":15},"end":{"line":153,"column":9}},"58":{"start":{"line":152,"column":10},"end":{"line":152,"column":36}},"59":{"start":{"line":159,"column":22},"end":{"line":159,"column":23}},"60":{"start":{"line":160,"column":22},"end":{"line":160,"column":23}},"61":{"start":{"line":162,"column":4},"end":{"line":169,"column":6}},"62":{"start":{"line":165,"column":8},"end":{"line":165,"column":43}},"63":{"start":{"line":166,"column":8},"end":{"line":166,"column":43}},"64":{"start":{"line":171,"column":4},"end":{"line":190,"column":6}},"65":{"start":{"line":174,"column":23},"end":{"line":174,"column":43}},"66":{"start":{"line":175,"column":23},"end":{"line":175,"column":43}},"67":{"start":{"line":176,"column":23},"end":{"line":176,"column":43}},"68":{"start":{"line":177,"column":23},"end":{"line":177,"column":43}},"69":{"start":{"line":179,"column":28},"end":{"line":179,"column":49}},"70":{"start":{"line":180,"column":23},"end":{"line":180,"column":67}},"71":{"start":{"line":182,"column":8},"end":{"line":184,"column":9}},"72":{"start":{"line":183,"column":10},"end":{"line":183,"column":56}},"73":{"start":{"line":186,"column":8},"end":{"line":186,"column":29}},"74":{"start":{"line":187,"column":8},"end":{"line":187,"column":29}},"75":{"start":{"line":194,"column":4},"end":{"line":194,"column":45}},"76":{"start":{"line":194,"column":38},"end":{"line":194,"column":45}},"77":{"start":{"line":197,"column":4},"end":{"line":199,"column":7}},"78":{"start":{"line":198,"column":6},"end":{"line":198,"column":68}},"79":{"start":{"line":201,"column":4},"end":{"line":214,"column":7}},"80":{"start":{"line":202,"column":23},"end":{"line":202,"column":54}},"81":{"start":{"line":203,"column":6},"end":{"line":203,"column":49}},"82":{"start":{"line":205,"column":6},"end":{"line":213,"column":7}},"83":{"start":{"line":206,"column":23},"end":{"line":206,"column":60}},"84":{"start":{"line":207,"column":8},"end":{"line":212,"column":9}},"85":{"start":{"line":208,"column":10},"end":{"line":208,"column":47}},"86":{"start":{"line":209,"column":10},"end":{"line":211,"column":11}},"87":{"start":{"line":210,"column":12},"end":{"line":210,"column":42}},"88":{"start":{"line":216,"column":4},"end":{"line":216,"column":38}},"89":{"start":{"line":220,"column":17},"end":{"line":220,"column":44}},"90":{"start":{"line":221,"column":4},"end":{"line":221,"column":36}},"91":{"start":{"line":222,"column":4},"end":{"line":222,"column":38}},"92":{"start":{"line":226,"column":19},"end":{"line":226,"column":39}},"93":{"start":{"line":227,"column":4},"end":{"line":227,"column":24}},"94":{"start":{"line":227,"column":17},"end":{"line":227,"column":24}},"95":{"start":{"line":229,"column":4},"end":{"line":229,"column":28}},"96":{"start":{"line":230,"column":4},"end":{"line":230,"column":32}},"97":{"start":{"line":232,"column":4},"end":{"line":254,"column":5}},"98":{"start":{"line":233,"column":6},"end":{"line":233,"column":42}},"99":{"start":{"line":235,"column":6},"end":{"line":249,"column":9}},"100":{"start":{"line":236,"column":24},"end":{"line":238,"column":35}},"101":{"start":{"line":237,"column":10},"end":{"line":237,"column":47}},"102":{"start":{"line":240,"column":8},"end":{"line":243,"column":10}},"103":{"start":{"line":241,"column":10},"end":{"line":241,"column":32}},"104":{"start":{"line":242,"column":10},"end":{"line":242,"column":20}},"105":{"start":{"line":245,"column":8},"end":{"line":248,"column":10}},"106":{"start":{"line":246,"column":10},"end":{"line":246,"column":32}},"107":{"start":{"line":247,"column":10},"end":{"line":247,"column":46}},"108":{"start":{"line":251,"column":6},"end":{"line":251,"column":45}},"109":{"start":{"line":253,"column":6},"end":{"line":253,"column":57}},"110":{"start":{"line":258,"column":24},"end":{"line":258,"column":45}},"111":{"start":{"line":259,"column":4},"end":{"line":259,"column":29}},"112":{"start":{"line":259,"column":22},"end":{"line":259,"column":29}},"113":{"start":{"line":261,"column":19},"end":{"line":261,"column":62}},"114":{"start":{"line":262,"column":4},"end":{"line":264,"column":5}},"115":{"start":{"line":263,"column":6},"end":{"line":263,"column":42}},"116":{"start":{"line":268,"column":17},"end":{"line":268,"column":58}},"117":{"start":{"line":270,"column":4},"end":{"line":278,"column":5}},"118":{"start":{"line":271,"column":6},"end":{"line":271,"column":45}},"119":{"start":{"line":272,"column":6},"end":{"line":272,"column":45}},"120":{"start":{"line":273,"column":6},"end":{"line":276,"column":10}},"121":{"start":{"line":277,"column":6},"end":{"line":277,"column":32}},"122":{"start":{"line":282,"column":19},"end":{"line":282,"column":60}},"123":{"start":{"line":283,"column":4},"end":{"line":283,"column":32}},"124":{"start":{"line":283,"column":16},"end":{"line":283,"column":32}},"125":{"start":{"line":287,"column":4},"end":{"line":289,"column":5}},"126":{"start":{"line":288,"column":6},"end":{"line":288,"column":48}},"127":{"start":{"line":291,"column":4},"end":{"line":291,"column":35}},"128":{"start":{"line":292,"column":4},"end":{"line":292,"column":34}},"129":{"start":{"line":294,"column":4},"end":{"line":304,"column":12}},"130":{"start":{"line":295,"column":6},"end":{"line":298,"column":8}},"131":{"start":{"line":299,"column":6},"end":{"line":299,"column":61}},"132":{"start":{"line":301,"column":6},"end":{"line":303,"column":7}},"133":{"start":{"line":302,"column":8},"end":{"line":302,"column":50}},"134":{"start":{"line":308,"column":4},"end":{"line":308,"column":75}},"135":{"start":{"line":312,"column":4},"end":{"line":312,"column":35}},"136":{"start":{"line":313,"column":4},"end":{"line":313,"column":28}},"137":{"start":{"line":314,"column":4},"end":{"line":314,"column":36}},"138":{"start":{"line":316,"column":4},"end":{"line":318,"column":12}},"139":{"start":{"line":317,"column":6},"end":{"line":317,"column":53}},"140":{"start":{"line":322,"column":21},"end":{"line":322,"column":57}},"141":{"start":{"line":324,"column":4},"end":{"line":330,"column":5}},"142":{"start":{"line":325,"column":6},"end":{"line":325,"column":53}},"143":{"start":{"line":326,"column":6},"end":{"line":328,"column":8}},"144":{"start":{"line":327,"column":8},"end":{"line":327,"column":51}},"145":{"start":{"line":329,"column":6},"end":{"line":329,"column":43}},"146":{"start":{"line":332,"column":4},"end":{"line":332,"column":28}},"147":{"start":{"line":333,"column":4},"end":{"line":333,"column":33}},"148":{"start":{"line":337,"column":27},"end":{"line":337,"column":56}},"149":{"start":{"line":338,"column":4},"end":{"line":338,"column":47}},"150":{"start":{"line":339,"column":4},"end":{"line":352,"column":8}},"151":{"start":{"line":354,"column":4},"end":{"line":354,"column":38}},"152":{"start":{"line":358,"column":4},"end":{"line":358,"column":58}},"153":{"start":{"line":362,"column":4},"end":{"line":372,"column":8}}},"fnMap":{"0":{"name":"(anonymous_0)","decl":{"start":{"line":4,"column":2},"end":{"line":4,"column":3}},"loc":{"start":{"line":4,"column":16},"end":{"line":34,"column":3}},"line":4},"1":{"name":"(anonymous_1)","decl":{"start":{"line":36,"column":2},"end":{"line":36,"column":3}},"loc":{"start":{"line":36,"column":15},"end":{"line":47,"column":3}},"line":36},"2":{"name":"(anonymous_2)","decl":{"start":{"line":49,"column":2},"end":{"line":49,"column":3}},"loc":{"start":{"line":49,"column":27},"end":{"line":69,"column":3}},"line":49},"3":{"name":"(anonymous_3)","decl":{"start":{"line":71,"column":2},"end":{"line":71,"column":3}},"loc":{"start":{"line":71,"column":17},"end":{"line":90,"column":3}},"line":71},"4":{"name":"(anonymous_4)","decl":{"start":{"line":92,"column":2},"end":{"line":92,"column":3}},"loc":{"start":{"line":92,"column":24},"end":{"line":122,"column":3}},"line":92},"5":{"name":"(anonymous_5)","decl":{"start":{"line":94,"column":31},"end":{"line":94,"column":32}},"loc":{"start":{"line":94,"column":43},"end":{"line":99,"column":5}},"line":94},"6":{"name":"(anonymous_6)","decl":{"start":{"line":95,"column":39},"end":{"line":95,"column":40}},"loc":{"start":{"line":95,"column":45},"end":{"line":98,"column":7}},"line":95},"7":{"name":"(anonymous_7)","decl":{"start":{"line":115,"column":6},"end":{"line":115,"column":7}},"loc":{"start":{"line":115,"column":13},"end":{"line":119,"column":7}},"line":115},"8":{"name":"(anonymous_8)","decl":{"start":{"line":124,"column":2},"end":{"line":124,"column":3}},"loc":{"start":{"line":124,"column":23},"end":{"line":136,"column":3}},"line":124},"9":{"name":"(anonymous_9)","decl":{"start":{"line":134,"column":44},"end":{"line":134,"column":45}},"loc":{"start":{"line":134,"column":50},"end":{"line":134,"column":75}},"line":134},"10":{"name":"(anonymous_10)","decl":{"start":{"line":138,"column":2},"end":{"line":138,"column":3}},"loc":{"start":{"line":138,"column":27},"end":{"line":156,"column":3}},"line":138},"11":{"name":"(anonymous_11)","decl":{"start":{"line":139,"column":41},"end":{"line":139,"column":42}},"loc":{"start":{"line":139,"column":48},"end":{"line":155,"column":5}},"line":139},"12":{"name":"(anonymous_12)","decl":{"start":{"line":158,"column":2},"end":{"line":158,"column":3}},"loc":{"start":{"line":158,"column":22},"end":{"line":191,"column":3}},"line":158},"13":{"name":"(anonymous_13)","decl":{"start":{"line":164,"column":6},"end":{"line":164,"column":7}},"loc":{"start":{"line":164,"column":13},"end":{"line":167,"column":7}},"line":164},"14":{"name":"(anonymous_14)","decl":{"start":{"line":173,"column":6},"end":{"line":173,"column":7}},"loc":{"start":{"line":173,"column":13},"end":{"line":188,"column":7}},"line":173},"15":{"name":"(anonymous_15)","decl":{"start":{"line":193,"column":2},"end":{"line":193,"column":3}},"loc":{"start":{"line":193,"column":29},"end":{"line":217,"column":3}},"line":193},"16":{"name":"(anonymous_16)","decl":{"start":{"line":197,"column":31},"end":{"line":197,"column":32}},"loc":{"start":{"line":197,"column":40},"end":{"line":199,"column":5}},"line":197},"17":{"name":"(anonymous_17)","decl":{"start":{"line":201,"column":30},"end":{"line":201,"column":31}},"loc":{"start":{"line":201,"column":41},"end":{"line":214,"column":5}},"line":201},"18":{"name":"(anonymous_18)","decl":{"start":{"line":219,"column":2},"end":{"line":219,"column":3}},"loc":{"start":{"line":219,"column":34},"end":{"line":223,"column":3}},"line":219},"19":{"name":"(anonymous_19)","decl":{"start":{"line":225,"column":2},"end":{"line":225,"column":3}},"loc":{"start":{"line":225,"column":33},"end":{"line":255,"column":3}},"line":225},"20":{"name":"(anonymous_20)","decl":{"start":{"line":235,"column":24},"end":{"line":235,"column":25}},"loc":{"start":{"line":235,"column":45},"end":{"line":249,"column":7}},"line":235},"21":{"name":"(anonymous_21)","decl":{"start":{"line":236,"column":35},"end":{"line":236,"column":36}},"loc":{"start":{"line":236,"column":41},"end":{"line":238,"column":9}},"line":236},"22":{"name":"(anonymous_22)","decl":{"start":{"line":240,"column":24},"end":{"line":240,"column":25}},"loc":{"start":{"line":240,"column":30},"end":{"line":243,"column":9}},"line":240},"23":{"name":"(anonymous_23)","decl":{"start":{"line":245,"column":25},"end":{"line":245,"column":26}},"loc":{"start":{"line":245,"column":31},"end":{"line":248,"column":9}},"line":245},"24":{"name":"(anonymous_24)","decl":{"start":{"line":257,"column":2},"end":{"line":257,"column":3}},"loc":{"start":{"line":257,"column":23},"end":{"line":265,"column":3}},"line":257},"25":{"name":"(anonymous_25)","decl":{"start":{"line":267,"column":2},"end":{"line":267,"column":3}},"loc":{"start":{"line":267,"column":21},"end":{"line":279,"column":3}},"line":267},"26":{"name":"(anonymous_26)","decl":{"start":{"line":281,"column":2},"end":{"line":281,"column":3}},"loc":{"start":{"line":281,"column":21},"end":{"line":284,"column":3}},"line":281},"27":{"name":"(anonymous_27)","decl":{"start":{"line":286,"column":2},"end":{"line":286,"column":3}},"loc":{"start":{"line":286,"column":25},"end":{"line":305,"column":3}},"line":286},"28":{"name":"(anonymous_28)","decl":{"start":{"line":294,"column":45},"end":{"line":294,"column":46}},"loc":{"start":{"line":294,"column":51},"end":{"line":304,"column":5}},"line":294},"29":{"name":"(anonymous_29)","decl":{"start":{"line":307,"column":2},"end":{"line":307,"column":3}},"loc":{"start":{"line":307,"column":34},"end":{"line":309,"column":3}},"line":307},"30":{"name":"(anonymous_30)","decl":{"start":{"line":311,"column":2},"end":{"line":311,"column":3}},"loc":{"start":{"line":311,"column":36},"end":{"line":319,"column":3}},"line":311},"31":{"name":"(anonymous_31)","decl":{"start":{"line":316,"column":15},"end":{"line":316,"column":16}},"loc":{"start":{"line":316,"column":21},"end":{"line":318,"column":5}},"line":316},"32":{"name":"(anonymous_32)","decl":{"start":{"line":321,"column":2},"end":{"line":321,"column":3}},"loc":{"start":{"line":321,"column":48},"end":{"line":334,"column":3}},"line":321},"33":{"name":"(anonymous_33)","decl":{"start":{"line":326,"column":24},"end":{"line":326,"column":25}},"loc":{"start":{"line":327,"column":8},"end":{"line":327,"column":51}},"line":327},"34":{"name":"(anonymous_34)","decl":{"start":{"line":336,"column":2},"end":{"line":336,"column":3}},"loc":{"start":{"line":336,"column":26},"end":{"line":355,"column":3}},"line":336},"35":{"name":"(anonymous_35)","decl":{"start":{"line":357,"column":2},"end":{"line":357,"column":3}},"loc":{"start":{"line":357,"column":19},"end":{"line":359,"column":3}},"line":357},"36":{"name":"(anonymous_36)","decl":{"start":{"line":361,"column":2},"end":{"line":361,"column":3}},"loc":{"start":{"line":361,"column":30},"end":{"line":373,"column":3}},"line":361}},"branchMap":{"0":{"loc":{"start":{"line":52,"column":6},"end":{"line":52,"column":28}},"type":"if","locations":[{"start":{"line":52,"column":6},"end":{"line":52,"column":28}},{"start":{},"end":{}}],"line":52},"1":{"loc":{"start":{"line":55,"column":6},"end":{"line":55,"column":31}},"type":"if","locations":[{"start":{"line":55,"column":6},"end":{"line":55,"column":31}},{"start":{},"end":{}}],"line":55},"2":{"loc":{"start":{"line":65,"column":6},"end":{"line":67,"column":7}},"type":"if","locations":[{"start":{"line":65,"column":6},"end":{"line":67,"column":7}},{"start":{},"end":{}}],"line":65},"3":{"loc":{"start":{"line":97,"column":8},"end":{"line":97,"column":46}},"type":"if","locations":[{"start":{"line":97,"column":8},"end":{"line":97,"column":46}},{"start":{},"end":{}}],"line":97},"4":{"loc":{"start":{"line":108,"column":4},"end":{"line":110,"column":5}},"type":"if","locations":[{"start":{"line":108,"column":4},"end":{"line":110,"column":5}},{"start":{},"end":{}}],"line":108},"5":{"loc":{"start":{"line":116,"column":8},"end":{"line":118,"column":9}},"type":"if","locations":[{"start":{"line":116,"column":8},"end":{"line":118,"column":9}},{"start":{},"end":{}}],"line":116},"6":{"loc":{"start":{"line":140,"column":6},"end":{"line":154,"column":7}},"type":"if","locations":[{"start":{"line":140,"column":6},"end":{"line":154,"column":7}},{"start":{},"end":{}}],"line":140},"7":{"loc":{"start":{"line":149,"column":8},"end":{"line":153,"column":9}},"type":"if","locations":[{"start":{"line":149,"column":8},"end":{"line":153,"column":9}},{"start":{"line":151,"column":15},"end":{"line":153,"column":9}}],"line":149},"8":{"loc":{"start":{"line":151,"column":15},"end":{"line":153,"column":9}},"type":"if","locations":[{"start":{"line":151,"column":15},"end":{"line":153,"column":9}},{"start":{},"end":{}}],"line":151},"9":{"loc":{"start":{"line":182,"column":8},"end":{"line":184,"column":9}},"type":"if","locations":[{"start":{"line":182,"column":8},"end":{"line":184,"column":9}},{"start":{},"end":{}}],"line":182},"10":{"loc":{"start":{"line":194,"column":4},"end":{"line":194,"column":45}},"type":"if","locations":[{"start":{"line":194,"column":4},"end":{"line":194,"column":45}},{"start":{},"end":{}}],"line":194},"11":{"loc":{"start":{"line":205,"column":6},"end":{"line":213,"column":7}},"type":"if","locations":[{"start":{"line":205,"column":6},"end":{"line":213,"column":7}},{"start":{},"end":{}}],"line":205},"12":{"loc":{"start":{"line":207,"column":8},"end":{"line":212,"column":9}},"type":"if","locations":[{"start":{"line":207,"column":8},"end":{"line":212,"column":9}},{"start":{},"end":{}}],"line":207},"13":{"loc":{"start":{"line":209,"column":10},"end":{"line":211,"column":11}},"type":"if","locations":[{"start":{"line":209,"column":10},"end":{"line":211,"column":11}},{"start":{},"end":{}}],"line":209},"14":{"loc":{"start":{"line":227,"column":4},"end":{"line":227,"column":24}},"type":"if","locations":[{"start":{"line":227,"column":4},"end":{"line":227,"column":24}},{"start":{},"end":{}}],"line":227},"15":{"loc":{"start":{"line":259,"column":4},"end":{"line":259,"column":29}},"type":"if","locations":[{"start":{"line":259,"column":4},"end":{"line":259,"column":29}},{"start":{},"end":{}}],"line":259},"16":{"loc":{"start":{"line":262,"column":4},"end":{"line":264,"column":5}},"type":"if","locations":[{"start":{"line":262,"column":4},"end":{"line":264,"column":5}},{"start":{},"end":{}}],"line":262},"17":{"loc":{"start":{"line":270,"column":4},"end":{"line":278,"column":5}},"type":"if","locations":[{"start":{"line":270,"column":4},"end":{"line":278,"column":5}},{"start":{},"end":{}}],"line":270},"18":{"loc":{"start":{"line":283,"column":4},"end":{"line":283,"column":32}},"type":"if","locations":[{"start":{"line":283,"column":4},"end":{"line":283,"column":32}},{"start":{},"end":{}}],"line":283},"19":{"loc":{"start":{"line":287,"column":4},"end":{"line":289,"column":5}},"type":"if","locations":[{"start":{"line":287,"column":4},"end":{"line":289,"column":5}},{"start":{},"end":{}}],"line":287},"20":{"loc":{"start":{"line":301,"column":6},"end":{"line":303,"column":7}},"type":"if","locations":[{"start":{"line":301,"column":6},"end":{"line":303,"column":7}},{"start":{},"end":{}}],"line":301},"21":{"loc":{"start":{"line":322,"column":21},"end":{"line":322,"column":57}},"type":"binary-expr","locations":[{"start":{"line":322,"column":21},"end":{"line":322,"column":52}},{"start":{"line":322,"column":56},"end":{"line":322,"column":57}}],"line":322},"22":{"loc":{"start":{"line":324,"column":4},"end":{"line":330,"column":5}},"type":"if","locations":[{"start":{"line":324,"column":4},"end":{"line":330,"column":5}},{"start":{},"end":{}}],"line":324}},"s":{"0":0,"1":0,"2":0,"3":0,"4":0,"5":0,"6":0,"7":0,"8":0,"9":0,"10":0,"11":0,"12":0,"13":0,"14":0,"15":0,"16":0,"17":0,"18":0,"19":0,"20":0,"21":0,"22":0,"23":0,"24":0,"25":0,"26":0,"27":0,"28":0,"29":0,"30":0,"31":0,"32":0,"33":0,"34":0,"35":0,"36":0,"37":0,"38":0,"39":0,"40":0,"41":0,"42":0,"43":0,"44":0,"45":0,"46":0,"47":0,"48":0,"49":0,"50":0,"51":0,"52":0,"53":0,"54":0,"55":0,"56":0,"57":0,"58":0,"59":0,"60":0,"61":0,"62":0,"63":0,"64":0,"65":0,"66":0,"67":0,"68":0,"69":0,"70":0,"71":0,"72":0,"73":0,"74":0,"75":0,"76":0,"77":0,"78":0,"79":0,"80":0,"81":0,"82":0,"83":0,"84":0,"85":0,"86":0,"87":0,"88":0,"89":0,"90":0,"91":0,"92":0,"93":0,"94":0,"95":0,"96":0,"97":0,"98":0,"99":0,"100":0,"101":0,"102":0,"103":0,"104":0,"105":0,"106":0,"107":0,"108":0,"109":0,"110":0,"111":0,"112":0,"113":0,"114":0,"115":0,"116":0,"117":0,"118":0,"119":0,"120":0,"121":0,"122":0,"123":0,"124":0,"125":0,"126":0,"127":0,"128":0,"129":0,"130":0,"131":0,"132":0,"133":0,"134":0,"135":0,"136":0,"137":0,"138":0,"139":0,"140":0,"141":0,"142":0,"143":0,"144":0,"145":0,"146":0,"147":0,"148":0,"149":0,"150":0,"151":0,"152":0,"153":0},"f":{"0":0,"1":0,"2":0,"3":0,"4":0,"5":0,"6":0,"7":0,"8":0,"9":0,"10":0,"11":0,"12":0,"13":0,"14":0,"15":0,"16":0,"17":0,"18":0,"19":0,"20":0,"21":0,"22":0,"23":0,"24":0,"25":0,"26":0,"27":0,"28":0,"29":0,"30":0,"31":0,"32":0,"33":0,"34":0,"35":0,"36":0},"b":{"0":[0,0],"1":[0,0],"2":[0,0],"3":[0,0],"4":[0,0],"5":[0,0],"6":[0,0],"7":[0,0],"8":[0,0],"9":[0,0],"10":[0,0],"11":[0,0],"12":[0,0],"13":[0,0],"14":[0,0],"15":[0,0],"16":[0,0],"17":[0,0],"18":[0,0],"19":[0,0],"20":[0,0],"21":[0,0],"22":[0,0]}}
,"E:\\BotApp\\AB-Developemtent---Design\\src\\scripts\\components\\header.js": {"path":"E:\\BotApp\\AB-Developemtent---Design\\src\\scripts\\components\\header.js","statementMap":{"0":{"start":{"line":7,"column":4},"end":{"line":7,"column":52}},"1":{"start":{"line":8,"column":4},"end":{"line":8,"column":16}},"2":{"start":{"line":12,"column":4},"end":{"line":12,"column":30}},"3":{"start":{"line":17,"column":4},"end":{"line":20,"column":6}},"4":{"start":{"line":24,"column":4},"end":{"line":28,"column":5}},"5":{"start":{"line":25,"column":6},"end":{"line":25,"column":51}},"6":{"start":{"line":27,"column":6},"end":{"line":27,"column":54}},"7":{"start":{"line":32,"column":32},"end":{"line":35,"column":1}},"8":{"start":{"line":33,"column":17},"end":{"line":33,"column":29}},"9":{"start":{"line":34,"column":2},"end":{"line":34,"column":33}}},"fnMap":{"0":{"name":"(anonymous_0)","decl":{"start":{"line":6,"column":2},"end":{"line":6,"column":3}},"loc":{"start":{"line":6,"column":16},"end":{"line":9,"column":3}},"line":6},"1":{"name":"(anonymous_1)","decl":{"start":{"line":11,"column":2},"end":{"line":11,"column":3}},"loc":{"start":{"line":11,"column":9},"end":{"line":13,"column":3}},"line":11},"2":{"name":"(anonymous_2)","decl":{"start":{"line":15,"column":2},"end":{"line":15,"column":3}},"loc":{"start":{"line":15,"column":23},"end":{"line":21,"column":3}},"line":15},"3":{"name":"(anonymous_3)","decl":{"start":{"line":23,"column":2},"end":{"line":23,"column":3}},"loc":{"start":{"line":23,"column":38},"end":{"line":29,"column":3}},"line":23},"4":{"name":"(anonymous_4)","decl":{"start":{"line":32,"column":32},"end":{"line":32,"column":33}},"loc":{"start":{"line":32,"column":38},"end":{"line":35,"column":1}},"line":32}},"branchMap":{"0":{"loc":{"start":{"line":24,"column":4},"end":{"line":28,"column":5}},"type":"if","locations":[{"start":{"line":24,"column":4},"end":{"line":28,"column":5}},{"start":{"line":26,"column":11},"end":{"line":28,"column":5}}],"line":24}},"s":{"0":0,"1":0,"2":0,"3":0,"4":0,"5":0,"6":0,"7":0,"8":0,"9":0},"f":{"0":0,"1":0,"2":0,"3":0,"4":0},"b":{"0":[0,0]}}
,"E:\\BotApp\\AB-Developemtent---Design\\src\\scripts\\components\\messenger.js": {"path":"E:\\BotApp\\AB-Developemtent---Design\\src\\scripts\\components\\messenger.js","statementMap":{"0":{"start":{"line":7,"column":4},"end":{"line":7,"column":41}},"1":{"start":{"line":8,"column":4},"end":{"line":8,"column":26}},"2":{"start":{"line":9,"column":4},"end":{"line":9,"column":27}},"3":{"start":{"line":11,"column":4},"end":{"line":13,"column":5}},"4":{"start":{"line":12,"column":6},"end":{"line":12,"column":18}},"5":{"start":{"line":18,"column":4},"end":{"line":18,"column":19}},"6":{"start":{"line":21,"column":4},"end":{"line":29,"column":6}},"7":{"start":{"line":22,"column":6},"end":{"line":25,"column":9}},"8":{"start":{"line":27,"column":6},"end":{"line":27,"column":23}},"9":{"start":{"line":28,"column":6},"end":{"line":28,"column":33}},"10":{"start":{"line":33,"column":19},"end":{"line":33,"column":51}},"11":{"start":{"line":34,"column":4},"end":{"line":34,"column":80}},"12":{"start":{"line":35,"column":4},"end":{"line":35,"column":24}},"13":{"start":{"line":36,"column":4},"end":{"line":36,"column":24}},"14":{"start":{"line":37,"column":4},"end":{"line":37,"column":37}},"15":{"start":{"line":38,"column":4},"end":{"line":38,"column":38}},"16":{"start":{"line":43,"column":26},"end":{"line":43,"column":55}},"17":{"start":{"line":44,"column":4},"end":{"line":44,"column":48}},"18":{"start":{"line":45,"column":4},"end":{"line":45,"column":62}},"19":{"start":{"line":46,"column":4},"end":{"line":46,"column":57}},"20":{"start":{"line":47,"column":4},"end":{"line":47,"column":45}},"21":{"start":{"line":50,"column":4},"end":{"line":52,"column":5}},"22":{"start":{"line":51,"column":6},"end":{"line":51,"column":59}},"23":{"start":{"line":51,"column":23},"end":{"line":51,"column":38}},"24":{"start":{"line":56,"column":4},"end":{"line":59,"column":7}},"25":{"start":{"line":57,"column":6},"end":{"line":57,"column":28}},"26":{"start":{"line":58,"column":6},"end":{"line":58,"column":37}},"27":{"start":{"line":61,"column":4},"end":{"line":64,"column":7}},"28":{"start":{"line":62,"column":6},"end":{"line":62,"column":29}},"29":{"start":{"line":63,"column":6},"end":{"line":63,"column":37}},"30":{"start":{"line":68,"column":4},"end":{"line":70,"column":5}},"31":{"start":{"line":69,"column":6},"end":{"line":69,"column":35}},"32":{"start":{"line":74,"column":4},"end":{"line":76,"column":5}},"33":{"start":{"line":75,"column":6},"end":{"line":75,"column":35}}},"fnMap":{"0":{"name":"(anonymous_0)","decl":{"start":{"line":6,"column":2},"end":{"line":6,"column":3}},"loc":{"start":{"line":6,"column":16},"end":{"line":14,"column":3}},"line":6},"1":{"name":"(anonymous_1)","decl":{"start":{"line":16,"column":2},"end":{"line":16,"column":3}},"loc":{"start":{"line":16,"column":9},"end":{"line":30,"column":3}},"line":16},"2":{"name":"(anonymous_2)","decl":{"start":{"line":21,"column":25},"end":{"line":21,"column":26}},"loc":{"start":{"line":21,"column":31},"end":{"line":29,"column":5}},"line":21},"3":{"name":"(anonymous_3)","decl":{"start":{"line":32,"column":2},"end":{"line":32,"column":3}},"loc":{"start":{"line":32,"column":12},"end":{"line":39,"column":3}},"line":32},"4":{"name":"(anonymous_4)","decl":{"start":{"line":41,"column":2},"end":{"line":41,"column":3}},"loc":{"start":{"line":41,"column":14},"end":{"line":53,"column":3}},"line":41},"5":{"name":"(anonymous_5)","decl":{"start":{"line":51,"column":17},"end":{"line":51,"column":18}},"loc":{"start":{"line":51,"column":23},"end":{"line":51,"column":38}},"line":51},"6":{"name":"(anonymous_6)","decl":{"start":{"line":55,"column":2},"end":{"line":55,"column":3}},"loc":{"start":{"line":55,"column":24},"end":{"line":65,"column":3}},"line":55},"7":{"name":"(anonymous_7)","decl":{"start":{"line":56,"column":50},"end":{"line":56,"column":51}},"loc":{"start":{"line":56,"column":56},"end":{"line":59,"column":5}},"line":56},"8":{"name":"(anonymous_8)","decl":{"start":{"line":61,"column":50},"end":{"line":61,"column":51}},"loc":{"start":{"line":61,"column":56},"end":{"line":64,"column":5}},"line":61},"9":{"name":"(anonymous_9)","decl":{"start":{"line":67,"column":2},"end":{"line":67,"column":3}},"loc":{"start":{"line":67,"column":13},"end":{"line":71,"column":3}},"line":67},"10":{"name":"(anonymous_10)","decl":{"start":{"line":73,"column":2},"end":{"line":73,"column":3}},"loc":{"start":{"line":73,"column":13},"end":{"line":77,"column":3}},"line":73}},"branchMap":{"0":{"loc":{"start":{"line":11,"column":4},"end":{"line":13,"column":5}},"type":"if","locations":[{"start":{"line":11,"column":4},"end":{"line":13,"column":5}},{"start":{},"end":{}}],"line":11},"1":{"loc":{"start":{"line":50,"column":4},"end":{"line":52,"column":5}},"type":"if","locations":[{"start":{"line":50,"column":4},"end":{"line":52,"column":5}},{"start":{},"end":{}}],"line":50},"2":{"loc":{"start":{"line":68,"column":4},"end":{"line":70,"column":5}},"type":"if","locations":[{"start":{"line":68,"column":4},"end":{"line":70,"column":5}},{"start":{},"end":{}}],"line":68},"3":{"loc":{"start":{"line":68,"column":8},"end":{"line":68,"column":29}},"type":"binary-expr","locations":[{"start":{"line":68,"column":8},"end":{"line":68,"column":10}},{"start":{"line":68,"column":14},"end":{"line":68,"column":29}}],"line":68},"4":{"loc":{"start":{"line":74,"column":4},"end":{"line":76,"column":5}},"type":"if","locations":[{"start":{"line":74,"column":4},"end":{"line":76,"column":5}},{"start":{},"end":{}}],"line":74},"5":{"loc":{"start":{"line":74,"column":8},"end":{"line":74,"column":29}},"type":"binary-expr","locations":[{"start":{"line":74,"column":8},"end":{"line":74,"column":10}},{"start":{"line":74,"column":14},"end":{"line":74,"column":29}}],"line":74}},"s":{"0":0,"1":0,"2":0,"3":0,"4":0,"5":0,"6":0,"7":0,"8":0,"9":0,"10":0,"11":0,"12":0,"13":0,"14":0,"15":0,"16":0,"17":0,"18":0,"19":0,"20":0,"21":0,"22":0,"23":0,"24":0,"25":0,"26":0,"27":0,"28":0,"29":0,"30":0,"31":0,"32":0,"33":0},"f":{"0":0,"1":0,"2":0,"3":0,"4":0,"5":0,"6":0,"7":0,"8":0,"9":0,"10":0},"b":{"0":[0,0],"1":[0,0],"2":[0,0],"3":[0,0],"4":[0,0],"5":[0,0]}}
,"E:\\BotApp\\AB-Developemtent---Design\\src\\scripts\\components\\portfolio-grid.js": {"path":"E:\\BotApp\\AB-Developemtent---Design\\src\\scripts\\components\\portfolio-grid.js","statementMap":{"0":{"start":{"line":8,"column":4},"end":{"line":8,"column":58}},"1":{"start":{"line":9,"column":4},"end":{"line":11,"column":5}},"2":{"start":{"line":10,"column":6},"end":{"line":10,"column":68}},"3":{"start":{"line":13,"column":4},"end":{"line":13,"column":26}},"4":{"start":{"line":14,"column":4},"end":{"line":14,"column":29}},"5":{"start":{"line":15,"column":4},"end":{"line":15,"column":32}},"6":{"start":{"line":17,"column":4},"end":{"line":17,"column":16}},"7":{"start":{"line":21,"column":4},"end":{"line":36,"column":5}},"8":{"start":{"line":23,"column":6},"end":{"line":23,"column":53}},"9":{"start":{"line":26,"column":6},"end":{"line":26,"column":27}},"10":{"start":{"line":29,"column":6},"end":{"line":29,"column":33}},"11":{"start":{"line":32,"column":6},"end":{"line":32,"column":26}},"12":{"start":{"line":34,"column":6},"end":{"line":34,"column":67}},"13":{"start":{"line":35,"column":6},"end":{"line":35,"column":49}},"14":{"start":{"line":40,"column":4},"end":{"line":40,"column":59}},"15":{"start":{"line":41,"column":4},"end":{"line":41,"column":60}},"16":{"start":{"line":44,"column":4},"end":{"line":44,"column":50}},"17":{"start":{"line":47,"column":4},"end":{"line":47,"column":54}},"18":{"start":{"line":49,"column":4},"end":{"line":49,"column":58}},"19":{"start":{"line":50,"column":4},"end":{"line":50,"column":60}},"20":{"start":{"line":52,"column":4},"end":{"line":55,"column":6}},"21":{"start":{"line":59,"column":19},"end":{"line":59,"column":48}},"22":{"start":{"line":60,"column":4},"end":{"line":60,"column":39}},"23":{"start":{"line":62,"column":23},"end":{"line":62,"column":55}},"24":{"start":{"line":63,"column":4},"end":{"line":63,"column":47}},"25":{"start":{"line":64,"column":4},"end":{"line":64,"column":36}},"26":{"start":{"line":65,"column":4},"end":{"line":65,"column":71}},"27":{"start":{"line":65,"column":47},"end":{"line":65,"column":69}},"28":{"start":{"line":67,"column":23},"end":{"line":67,"column":55}},"29":{"start":{"line":68,"column":4},"end":{"line":68,"column":47}},"30":{"start":{"line":69,"column":4},"end":{"line":69,"column":71}},"31":{"start":{"line":69,"column":47},"end":{"line":69,"column":69}},"32":{"start":{"line":71,"column":4},"end":{"line":71,"column":35}},"33":{"start":{"line":72,"column":4},"end":{"line":72,"column":35}},"34":{"start":{"line":74,"column":4},"end":{"line":74,"column":52}},"35":{"start":{"line":76,"column":4},"end":{"line":76,"column":18}},"36":{"start":{"line":80,"column":20},"end":{"line":80,"column":49}},"37":{"start":{"line":81,"column":4},"end":{"line":81,"column":42}},"38":{"start":{"line":84,"column":17},"end":{"line":84,"column":37}},"39":{"start":{"line":87,"column":4},"end":{"line":93,"column":7}},"40":{"start":{"line":88,"column":21},"end":{"line":88,"column":53}},"41":{"start":{"line":89,"column":6},"end":{"line":89,"column":41}},"42":{"start":{"line":90,"column":6},"end":{"line":90,"column":31}},"43":{"start":{"line":91,"column":6},"end":{"line":91,"column":77}},"44":{"start":{"line":91,"column":45},"end":{"line":91,"column":75}},"45":{"start":{"line":92,"column":6},"end":{"line":92,"column":34}},"46":{"start":{"line":95,"column":4},"end":{"line":95,"column":19}},"47":{"start":{"line":99,"column":17},"end":{"line":99,"column":26}},"48":{"start":{"line":100,"column":4},"end":{"line":102,"column":7}},"49":{"start":{"line":101,"column":6},"end":{"line":101,"column":58}},"50":{"start":{"line":101,"column":43},"end":{"line":101,"column":56}},"51":{"start":{"line":103,"column":4},"end":{"line":103,"column":28}},"52":{"start":{"line":107,"column":4},"end":{"line":113,"column":5}},"53":{"start":{"line":108,"column":6},"end":{"line":108,"column":31}},"54":{"start":{"line":109,"column":6},"end":{"line":109,"column":40}},"55":{"start":{"line":111,"column":6},"end":{"line":111,"column":28}},"56":{"start":{"line":112,"column":6},"end":{"line":112,"column":37}},"57":{"start":{"line":115,"column":4},"end":{"line":115,"column":30}},"58":{"start":{"line":119,"column":18},"end":{"line":119,"column":68}},"59":{"start":{"line":121,"column":4},"end":{"line":131,"column":7}},"60":{"start":{"line":122,"column":19},"end":{"line":124,"column":7}},"61":{"start":{"line":123,"column":17},"end":{"line":123,"column":32}},"62":{"start":{"line":127,"column":8},"end":{"line":128,"column":72}},"63":{"start":{"line":128,"column":50},"end":{"line":128,"column":71}},"64":{"start":{"line":130,"column":6},"end":{"line":130,"column":51}},"65":{"start":{"line":134,"column":4},"end":{"line":139,"column":7}},"66":{"start":{"line":137,"column":18},"end":{"line":137,"column":47}},"67":{"start":{"line":143,"column":4},"end":{"line":143,"column":46}},"68":{"start":{"line":143,"column":39},"end":{"line":143,"column":46}},"69":{"start":{"line":145,"column":4},"end":{"line":145,"column":32}},"70":{"start":{"line":146,"column":4},"end":{"line":146,"column":66}},"71":{"start":{"line":147,"column":4},"end":{"line":147,"column":53}},"72":{"start":{"line":150,"column":4},"end":{"line":150,"column":80}},"73":{"start":{"line":151,"column":4},"end":{"line":151,"column":80}},"74":{"start":{"line":154,"column":4},"end":{"line":154,"column":55}},"75":{"start":{"line":159,"column":4},"end":{"line":161,"column":7}},"76":{"start":{"line":160,"column":6},"end":{"line":160,"column":36}},"77":{"start":{"line":164,"column":4},"end":{"line":172,"column":7}},"78":{"start":{"line":165,"column":19},"end":{"line":165,"column":54}},"79":{"start":{"line":166,"column":6},"end":{"line":171,"column":7}},"80":{"start":{"line":167,"column":8},"end":{"line":170,"column":11}},"81":{"start":{"line":177,"column":4},"end":{"line":179,"column":5}},"82":{"start":{"line":178,"column":6},"end":{"line":178,"column":29}},"83":{"start":{"line":182,"column":20},"end":{"line":187,"column":17}},"84":{"start":{"line":189,"column":4},"end":{"line":189,"column":64}},"85":{"start":{"line":194,"column":4},"end":{"line":194,"column":63}},"86":{"start":{"line":195,"column":4},"end":{"line":195,"column":63}},"87":{"start":{"line":198,"column":4},"end":{"line":198,"column":36}},"88":{"start":{"line":202,"column":39},"end":{"line":204,"column":1}},"89":{"start":{"line":203,"column":2},"end":{"line":203,"column":40}}},"fnMap":{"0":{"name":"(anonymous_0)","decl":{"start":{"line":7,"column":2},"end":{"line":7,"column":3}},"loc":{"start":{"line":7,"column":27},"end":{"line":18,"column":3}},"line":7},"1":{"name":"(anonymous_1)","decl":{"start":{"line":20,"column":2},"end":{"line":20,"column":3}},"loc":{"start":{"line":20,"column":15},"end":{"line":37,"column":3}},"line":20},"2":{"name":"(anonymous_2)","decl":{"start":{"line":39,"column":2},"end":{"line":39,"column":3}},"loc":{"start":{"line":39,"column":18},"end":{"line":56,"column":3}},"line":39},"3":{"name":"(anonymous_3)","decl":{"start":{"line":58,"column":2},"end":{"line":58,"column":3}},"loc":{"start":{"line":58,"column":23},"end":{"line":77,"column":3}},"line":58},"4":{"name":"(anonymous_4)","decl":{"start":{"line":65,"column":41},"end":{"line":65,"column":42}},"loc":{"start":{"line":65,"column":47},"end":{"line":65,"column":69}},"line":65},"5":{"name":"(anonymous_5)","decl":{"start":{"line":69,"column":41},"end":{"line":69,"column":42}},"loc":{"start":{"line":69,"column":47},"end":{"line":69,"column":69}},"line":69},"6":{"name":"(anonymous_6)","decl":{"start":{"line":79,"column":2},"end":{"line":79,"column":3}},"loc":{"start":{"line":79,"column":25},"end":{"line":96,"column":3}},"line":79},"7":{"name":"(anonymous_7)","decl":{"start":{"line":87,"column":17},"end":{"line":87,"column":18}},"loc":{"start":{"line":87,"column":26},"end":{"line":93,"column":5}},"line":87},"8":{"name":"(anonymous_8)","decl":{"start":{"line":91,"column":39},"end":{"line":91,"column":40}},"loc":{"start":{"line":91,"column":45},"end":{"line":91,"column":75}},"line":91},"9":{"name":"(anonymous_9)","decl":{"start":{"line":98,"column":2},"end":{"line":98,"column":3}},"loc":{"start":{"line":98,"column":18},"end":{"line":104,"column":3}},"line":98},"10":{"name":"(anonymous_10)","decl":{"start":{"line":100,"column":33},"end":{"line":100,"column":34}},"loc":{"start":{"line":100,"column":43},"end":{"line":102,"column":5}},"line":100},"11":{"name":"(anonymous_11)","decl":{"start":{"line":101,"column":34},"end":{"line":101,"column":35}},"loc":{"start":{"line":101,"column":43},"end":{"line":101,"column":56}},"line":101},"12":{"name":"(anonymous_12)","decl":{"start":{"line":106,"column":2},"end":{"line":106,"column":3}},"loc":{"start":{"line":106,"column":28},"end":{"line":116,"column":3}},"line":106},"13":{"name":"(anonymous_13)","decl":{"start":{"line":118,"column":2},"end":{"line":118,"column":3}},"loc":{"start":{"line":118,"column":23},"end":{"line":140,"column":3}},"line":118},"14":{"name":"(anonymous_14)","decl":{"start":{"line":121,"column":18},"end":{"line":121,"column":19}},"loc":{"start":{"line":121,"column":28},"end":{"line":131,"column":5}},"line":121},"15":{"name":"(anonymous_15)","decl":{"start":{"line":123,"column":8},"end":{"line":123,"column":9}},"loc":{"start":{"line":123,"column":17},"end":{"line":123,"column":32}},"line":123},"16":{"name":"(anonymous_16)","decl":{"start":{"line":128,"column":38},"end":{"line":128,"column":39}},"loc":{"start":{"line":128,"column":50},"end":{"line":128,"column":71}},"line":128},"17":{"name":"(anonymous_17)","decl":{"start":{"line":137,"column":8},"end":{"line":137,"column":9}},"loc":{"start":{"line":137,"column":18},"end":{"line":137,"column":47}},"line":137},"18":{"name":"(anonymous_18)","decl":{"start":{"line":142,"column":2},"end":{"line":142,"column":3}},"loc":{"start":{"line":142,"column":20},"end":{"line":155,"column":3}},"line":142},"19":{"name":"(anonymous_19)","decl":{"start":{"line":157,"column":2},"end":{"line":157,"column":3}},"loc":{"start":{"line":157,"column":24},"end":{"line":173,"column":3}},"line":157},"20":{"name":"(anonymous_20)","decl":{"start":{"line":159,"column":21},"end":{"line":159,"column":22}},"loc":{"start":{"line":159,"column":37},"end":{"line":161,"column":5}},"line":159},"21":{"name":"(anonymous_21)","decl":{"start":{"line":164,"column":45},"end":{"line":164,"column":46}},"loc":{"start":{"line":164,"column":52},"end":{"line":172,"column":5}},"line":164},"22":{"name":"(anonymous_22)","decl":{"start":{"line":175,"column":2},"end":{"line":175,"column":3}},"loc":{"start":{"line":175,"column":61},"end":{"line":190,"column":3}},"line":175},"23":{"name":"(anonymous_23)","decl":{"start":{"line":192,"column":2},"end":{"line":192,"column":3}},"loc":{"start":{"line":192,"column":12},"end":{"line":199,"column":3}},"line":192},"24":{"name":"(anonymous_24)","decl":{"start":{"line":202,"column":39},"end":{"line":202,"column":40}},"loc":{"start":{"line":202,"column":56},"end":{"line":204,"column":1}},"line":202}},"branchMap":{"0":{"loc":{"start":{"line":9,"column":4},"end":{"line":11,"column":5}},"type":"if","locations":[{"start":{"line":9,"column":4},"end":{"line":11,"column":5}},{"start":{},"end":{}}],"line":9},"1":{"loc":{"start":{"line":107,"column":4},"end":{"line":113,"column":5}},"type":"if","locations":[{"start":{"line":107,"column":4},"end":{"line":113,"column":5}},{"start":{"line":110,"column":11},"end":{"line":113,"column":5}}],"line":107},"2":{"loc":{"start":{"line":127,"column":8},"end":{"line":128,"column":72}},"type":"binary-expr","locations":[{"start":{"line":127,"column":8},"end":{"line":127,"column":31}},{"start":{"line":128,"column":8},"end":{"line":128,"column":72}}],"line":127},"3":{"loc":{"start":{"line":130,"column":27},"end":{"line":130,"column":50}},"type":"cond-expr","locations":[{"start":{"line":130,"column":39},"end":{"line":130,"column":41}},{"start":{"line":130,"column":44},"end":{"line":130,"column":50}}],"line":130},"4":{"loc":{"start":{"line":143,"column":4},"end":{"line":143,"column":46}},"type":"if","locations":[{"start":{"line":143,"column":4},"end":{"line":143,"column":46}},{"start":{},"end":{}}],"line":143},"5":{"loc":{"start":{"line":166,"column":6},"end":{"line":171,"column":7}},"type":"if","locations":[{"start":{"line":166,"column":6},"end":{"line":171,"column":7}},{"start":{},"end":{}}],"line":166},"6":{"loc":{"start":{"line":175,"column":15},"end":{"line":175,"column":59}},"type":"default-arg","locations":[{"start":{"line":175,"column":28},"end":{"line":175,"column":59}}],"line":175},"7":{"loc":{"start":{"line":177,"column":4},"end":{"line":179,"column":5}},"type":"if","locations":[{"start":{"line":177,"column":4},"end":{"line":179,"column":5}},{"start":{},"end":{}}],"line":177},"8":{"loc":{"start":{"line":177,"column":8},"end":{"line":177,"column":64}},"type":"binary-expr","locations":[{"start":{"line":177,"column":8},"end":{"line":177,"column":31}},{"start":{"line":177,"column":35},"end":{"line":177,"column":64}}],"line":177}},"s":{"0":0,"1":0,"2":0,"3":0,"4":0,"5":0,"6":0,"7":0,"8":0,"9":0,"10":0,"11":0,"12":0,"13":0,"14":0,"15":0,"16":0,"17":0,"18":0,"19":0,"20":0,"21":0,"22":0,"23":0,"24":0,"25":0,"26":0,"27":0,"28":0,"29":0,"30":0,"31":0,"32":0,"33":0,"34":0,"35":0,"36":0,"37":0,"38":0,"39":0,"40":0,"41":0,"42":0,"43":0,"44":0,"45":0,"46":0,"47":0,"48":0,"49":0,"50":0,"51":0,"52":0,"53":0,"54":0,"55":0,"56":0,"57":0,"58":0,"59":0,"60":0,"61":0,"62":0,"63":0,"64":0,"65":0,"66":0,"67":0,"68":0,"69":0,"70":0,"71":0,"72":0,"73":0,"74":0,"75":0,"76":0,"77":0,"78":0,"79":0,"80":0,"81":0,"82":0,"83":0,"84":0,"85":0,"86":0,"87":0,"88":0,"89":0},"f":{"0":0,"1":0,"2":0,"3":0,"4":0,"5":0,"6":0,"7":0,"8":0,"9":0,"10":0,"11":0,"12":0,"13":0,"14":0,"15":0,"16":0,"17":0,"18":0,"19":0,"20":0,"21":0,"22":0,"23":0,"24":0},"b":{"0":[0,0],"1":[0,0],"2":[0,0],"3":[0,0],"4":[0,0],"5":[0,0],"6":[0],"7":[0,0],"8":[0,0]}}
,"E:\\BotApp\\AB-Developemtent---Design\\src\\scripts\\components\\scrolling-text.js": {"path":"E:\\BotApp\\AB-Developemtent---Design\\src\\scripts\\components\\scrolling-text.js","statementMap":{"0":{"start":{"line":6,"column":4},"end":{"line":6,"column":31}},"1":{"start":{"line":7,"column":4},"end":{"line":12,"column":6}},"2":{"start":{"line":14,"column":4},"end":{"line":14,"column":26}},"3":{"start":{"line":15,"column":4},"end":{"line":15,"column":29}},"4":{"start":{"line":17,"column":4},"end":{"line":17,"column":16}},"5":{"start":{"line":21,"column":4},"end":{"line":21,"column":26}},"6":{"start":{"line":22,"column":4},"end":{"line":22,"column":26}},"7":{"start":{"line":23,"column":4},"end":{"line":23,"column":31}},"8":{"start":{"line":27,"column":4},"end":{"line":27,"column":49}},"9":{"start":{"line":28,"column":4},"end":{"line":28,"column":46}},"10":{"start":{"line":30,"column":4},"end":{"line":30,"column":54}},"11":{"start":{"line":31,"column":4},"end":{"line":31,"column":56}},"12":{"start":{"line":32,"column":4},"end":{"line":32,"column":57}},"13":{"start":{"line":34,"column":4},"end":{"line":34,"column":47}},"14":{"start":{"line":35,"column":4},"end":{"line":35,"column":45}},"15":{"start":{"line":39,"column":4},"end":{"line":39,"column":33}},"16":{"start":{"line":39,"column":26},"end":{"line":39,"column":33}},"17":{"start":{"line":40,"column":4},"end":{"line":40,"column":28}},"18":{"start":{"line":43,"column":4},"end":{"line":43,"column":41}},"19":{"start":{"line":44,"column":4},"end":{"line":44,"column":52}},"20":{"start":{"line":47,"column":4},"end":{"line":47,"column":43}},"21":{"start":{"line":50,"column":4},"end":{"line":50,"column":41}},"22":{"start":{"line":51,"column":4},"end":{"line":51,"column":52}},"23":{"start":{"line":53,"column":4},"end":{"line":53,"column":29}},"24":{"start":{"line":57,"column":4},"end":{"line":60,"column":30}},"25":{"start":{"line":58,"column":6},"end":{"line":58,"column":78}},"26":{"start":{"line":59,"column":6},"end":{"line":59,"column":58}},"27":{"start":{"line":64,"column":4},"end":{"line":64,"column":49}},"28":{"start":{"line":64,"column":35},"end":{"line":64,"column":47}},"29":{"start":{"line":65,"column":4},"end":{"line":65,"column":51}},"30":{"start":{"line":65,"column":36},"end":{"line":65,"column":49}},"31":{"start":{"line":69,"column":4},"end":{"line":69,"column":61}},"32":{"start":{"line":69,"column":36},"end":{"line":69,"column":59}},"33":{"start":{"line":73,"column":4},"end":{"line":73,"column":33}},"34":{"start":{"line":77,"column":4},"end":{"line":77,"column":26}},"35":{"start":{"line":81,"column":4},"end":{"line":81,"column":17}},"36":{"start":{"line":82,"column":4},"end":{"line":82,"column":26}}},"fnMap":{"0":{"name":"(anonymous_0)","decl":{"start":{"line":5,"column":2},"end":{"line":5,"column":3}},"loc":{"start":{"line":5,"column":39},"end":{"line":18,"column":3}},"line":5},"1":{"name":"(anonymous_1)","decl":{"start":{"line":20,"column":2},"end":{"line":20,"column":3}},"loc":{"start":{"line":20,"column":9},"end":{"line":24,"column":3}},"line":20},"2":{"name":"(anonymous_2)","decl":{"start":{"line":26,"column":2},"end":{"line":26,"column":3}},"loc":{"start":{"line":26,"column":19},"end":{"line":36,"column":3}},"line":26},"3":{"name":"(anonymous_3)","decl":{"start":{"line":38,"column":2},"end":{"line":38,"column":3}},"loc":{"start":{"line":38,"column":25},"end":{"line":54,"column":3}},"line":38},"4":{"name":"(anonymous_4)","decl":{"start":{"line":56,"column":2},"end":{"line":56,"column":3}},"loc":{"start":{"line":56,"column":19},"end":{"line":61,"column":3}},"line":56},"5":{"name":"(anonymous_5)","decl":{"start":{"line":57,"column":32},"end":{"line":57,"column":33}},"loc":{"start":{"line":57,"column":38},"end":{"line":60,"column":5}},"line":57},"6":{"name":"(anonymous_6)","decl":{"start":{"line":63,"column":2},"end":{"line":63,"column":3}},"loc":{"start":{"line":63,"column":24},"end":{"line":66,"column":3}},"line":63},"7":{"name":"(anonymous_7)","decl":{"start":{"line":64,"column":29},"end":{"line":64,"column":30}},"loc":{"start":{"line":64,"column":35},"end":{"line":64,"column":47}},"line":64},"8":{"name":"(anonymous_8)","decl":{"start":{"line":65,"column":30},"end":{"line":65,"column":31}},"loc":{"start":{"line":65,"column":36},"end":{"line":65,"column":49}},"line":65},"9":{"name":"(anonymous_9)","decl":{"start":{"line":68,"column":2},"end":{"line":68,"column":3}},"loc":{"start":{"line":68,"column":11},"end":{"line":70,"column":3}},"line":68},"10":{"name":"(anonymous_10)","decl":{"start":{"line":69,"column":23},"end":{"line":69,"column":24}},"loc":{"start":{"line":69,"column":36},"end":{"line":69,"column":59}},"line":69},"11":{"name":"(anonymous_11)","decl":{"start":{"line":72,"column":2},"end":{"line":72,"column":3}},"loc":{"start":{"line":72,"column":10},"end":{"line":74,"column":3}},"line":72},"12":{"name":"(anonymous_12)","decl":{"start":{"line":76,"column":2},"end":{"line":76,"column":3}},"loc":{"start":{"line":76,"column":11},"end":{"line":78,"column":3}},"line":76},"13":{"name":"(anonymous_13)","decl":{"start":{"line":80,"column":2},"end":{"line":80,"column":3}},"loc":{"start":{"line":80,"column":12},"end":{"line":83,"column":3}},"line":80}},"branchMap":{"0":{"loc":{"start":{"line":5,"column":25},"end":{"line":5,"column":37}},"type":"default-arg","locations":[{"start":{"line":5,"column":35},"end":{"line":5,"column":37}}],"line":5},"1":{"loc":{"start":{"line":39,"column":4},"end":{"line":39,"column":33}},"type":"if","locations":[{"start":{"line":39,"column":4},"end":{"line":39,"column":33}},{"start":{},"end":{}}],"line":39}},"s":{"0":3,"1":3,"2":3,"3":3,"4":3,"5":3,"6":3,"7":3,"8":3,"9":3,"10":3,"11":3,"12":3,"13":3,"14":3,"15":1,"16":0,"17":1,"18":1,"19":1,"20":0,"21":0,"22":0,"23":0,"24":4,"25":1,"26":1,"27":3,"28":0,"29":3,"30":0,"31":1,"32":1,"33":1,"34":1,"35":0,"36":0},"f":{"0":3,"1":3,"2":3,"3":1,"4":4,"5":1,"6":3,"7":0,"8":0,"9":1,"10":1,"11":1,"12":1,"13":0},"b":{"0":[2],"1":[0,1]},"_coverageSchema":"1a1c01bbd47fc00a2c39e90264f33305004495a9","hash":"6c2cb23e18e666762d05186b2fd28ab99a2b4576"}
,"E:\\BotApp\\AB-Developemtent---Design\\src\\scripts\\components\\portfolio\\Portfolio.js": {"path":"E:\\BotApp\\AB-Developemtent---Design\\src\\scripts\\components\\portfolio\\Portfolio.js","statementMap":{"0":{"start":{"line":9,"column":4},"end":{"line":9,"column":58}},"1":{"start":{"line":10,"column":4},"end":{"line":12,"column":5}},"2":{"start":{"line":11,"column":6},"end":{"line":11,"column":80}},"3":{"start":{"line":14,"column":4},"end":{"line":18,"column":6}},"4":{"start":{"line":20,"column":4},"end":{"line":20,"column":16}},"5":{"start":{"line":24,"column":4},"end":{"line":33,"column":5}},"6":{"start":{"line":25,"column":6},"end":{"line":25,"column":54}},"7":{"start":{"line":26,"column":6},"end":{"line":26,"column":32}},"8":{"start":{"line":27,"column":6},"end":{"line":27,"column":44}},"9":{"start":{"line":28,"column":6},"end":{"line":28,"column":55}},"10":{"start":{"line":30,"column":6},"end":{"line":30,"column":38}},"11":{"start":{"line":32,"column":6},"end":{"line":32,"column":30}},"12":{"start":{"line":37,"column":4},"end":{"line":51,"column":5}},"13":{"start":{"line":38,"column":23},"end":{"line":38,"column":78}},"14":{"start":{"line":39,"column":6},"end":{"line":39,"column":77}},"15":{"start":{"line":39,"column":24},"end":{"line":39,"column":77}},"16":{"start":{"line":41,"column":23},"end":{"line":41,"column":44}},"17":{"start":{"line":42,"column":6},"end":{"line":42,"column":42}},"18":{"start":{"line":45,"column":6},"end":{"line":45,"column":75}},"19":{"start":{"line":46,"column":6},"end":{"line":48,"column":7}},"20":{"start":{"line":47,"column":8},"end":{"line":47,"column":72}},"21":{"start":{"line":50,"column":6},"end":{"line":50,"column":66}},"22":{"start":{"line":55,"column":27},"end":{"line":64,"column":6}},"23":{"start":{"line":56,"column":6},"end":{"line":63,"column":7}},"24":{"start":{"line":57,"column":30},"end":{"line":57,"column":60}},"25":{"start":{"line":58,"column":24},"end":{"line":58,"column":52}},"26":{"start":{"line":59,"column":8},"end":{"line":59,"column":47}},"27":{"start":{"line":61,"column":8},"end":{"line":61,"column":80}},"28":{"start":{"line":62,"column":8},"end":{"line":62,"column":20}},"29":{"start":{"line":66,"column":26},"end":{"line":66,"column":59}},"30":{"start":{"line":68,"column":4},"end":{"line":73,"column":9}},"31":{"start":{"line":69,"column":24},"end":{"line":69,"column":37}},"32":{"start":{"line":71,"column":8},"end":{"line":71,"column":48}},"33":{"start":{"line":72,"column":8},"end":{"line":72,"column":34}},"34":{"start":{"line":77,"column":4},"end":{"line":77,"column":60}},"35":{"start":{"line":78,"column":4},"end":{"line":78,"column":59}},"36":{"start":{"line":80,"column":4},"end":{"line":90,"column":10}},"37":{"start":{"line":92,"column":4},"end":{"line":92,"column":43}}},"fnMap":{"0":{"name":"(anonymous_0)","decl":{"start":{"line":8,"column":2},"end":{"line":8,"column":3}},"loc":{"start":{"line":8,"column":51},"end":{"line":21,"column":3}},"line":8},"1":{"name":"(anonymous_1)","decl":{"start":{"line":23,"column":2},"end":{"line":23,"column":3}},"loc":{"start":{"line":23,"column":15},"end":{"line":34,"column":3}},"line":23},"2":{"name":"(anonymous_2)","decl":{"start":{"line":36,"column":2},"end":{"line":36,"column":3}},"loc":{"start":{"line":36,"column":23},"end":{"line":52,"column":3}},"line":36},"3":{"name":"(anonymous_3)","decl":{"start":{"line":54,"column":2},"end":{"line":54,"column":3}},"loc":{"start":{"line":54,"column":35},"end":{"line":74,"column":3}},"line":54},"4":{"name":"(anonymous_4)","decl":{"start":{"line":55,"column":56},"end":{"line":55,"column":57}},"loc":{"start":{"line":55,"column":79},"end":{"line":64,"column":5}},"line":55},"5":{"name":"(anonymous_5)","decl":{"start":{"line":69,"column":14},"end":{"line":69,"column":15}},"loc":{"start":{"line":69,"column":24},"end":{"line":69,"column":37}},"line":69},"6":{"name":"(anonymous_6)","decl":{"start":{"line":70,"column":15},"end":{"line":70,"column":16}},"loc":{"start":{"line":70,"column":36},"end":{"line":73,"column":7}},"line":70},"7":{"name":"(anonymous_7)","decl":{"start":{"line":76,"column":2},"end":{"line":76,"column":3}},"loc":{"start":{"line":76,"column":21},"end":{"line":93,"column":3}},"line":76}},"branchMap":{"0":{"loc":{"start":{"line":8,"column":14},"end":{"line":8,"column":49}},"type":"default-arg","locations":[{"start":{"line":8,"column":28},"end":{"line":8,"column":49}}],"line":8},"1":{"loc":{"start":{"line":10,"column":4},"end":{"line":12,"column":5}},"type":"if","locations":[{"start":{"line":10,"column":4},"end":{"line":12,"column":5}},{"start":{},"end":{}}],"line":10},"2":{"loc":{"start":{"line":39,"column":6},"end":{"line":39,"column":77}},"type":"if","locations":[{"start":{"line":39,"column":6},"end":{"line":39,"column":77}},{"start":{},"end":{}}],"line":39},"3":{"loc":{"start":{"line":46,"column":6},"end":{"line":48,"column":7}},"type":"if","locations":[{"start":{"line":46,"column":6},"end":{"line":48,"column":7}},{"start":{},"end":{}}],"line":46}},"s":{"0":0,"1":0,"2":0,"3":0,"4":0,"5":0,"6":0,"7":0,"8":0,"9":0,"10":0,"11":0,"12":0,"13":0,"14":0,"15":0,"16":0,"17":0,"18":0,"19":0,"20":0,"21":0,"22":0,"23":0,"24":0,"25":0,"26":0,"27":0,"28":0,"29":0,"30":0,"31":0,"32":0,"33":0,"34":0,"35":0,"36":0,"37":0},"f":{"0":0,"1":0,"2":0,"3":0,"4":0,"5":0,"6":0,"7":0},"b":{"0":[0],"1":[0,0],"2":[0,0],"3":[0,0]}}
,"E:\\BotApp\\AB-Developemtent---Design\\src\\scripts\\components\\portfolio\\PortfolioItem.js": {"path":"E:\\BotApp\\AB-Developemtent---Design\\src\\scripts\\components\\portfolio\\PortfolioItem.js","statementMap":{"0":{"start":{"line":7,"column":4},"end":{"line":7,"column":21}},"1":{"start":{"line":8,"column":4},"end":{"line":8,"column":24}},"2":{"start":{"line":9,"column":4},"end":{"line":9,"column":30}},"3":{"start":{"line":13,"column":4},"end":{"line":27,"column":5}},"4":{"start":{"line":14,"column":6},"end":{"line":14,"column":51}},"5":{"start":{"line":15,"column":6},"end":{"line":15,"column":48}},"6":{"start":{"line":16,"column":6},"end":{"line":16,"column":65}},"7":{"start":{"line":18,"column":6},"end":{"line":18,"column":50}},"8":{"start":{"line":20,"column":6},"end":{"line":20,"column":43}},"9":{"start":{"line":21,"column":6},"end":{"line":21,"column":33}},"10":{"start":{"line":23,"column":6},"end":{"line":23,"column":26}},"11":{"start":{"line":25,"column":6},"end":{"line":25,"column":78}},"12":{"start":{"line":26,"column":6},"end":{"line":26,"column":32}},"13":{"start":{"line":31,"column":4},"end":{"line":55,"column":10}},"14":{"start":{"line":51,"column":37},"end":{"line":51,"column":76}},"15":{"start":{"line":59,"column":29},"end":{"line":61,"column":5}},"16":{"start":{"line":62,"column":4},"end":{"line":62,"column":34}},"17":{"start":{"line":62,"column":27},"end":{"line":62,"column":34}},"18":{"start":{"line":64,"column":4},"end":{"line":77,"column":5}},"19":{"start":{"line":65,"column":6},"end":{"line":68,"column":9}},"20":{"start":{"line":70,"column":6},"end":{"line":70,"column":44}},"21":{"start":{"line":72,"column":6},"end":{"line":75,"column":8}},"22":{"start":{"line":76,"column":6},"end":{"line":76,"column":66}},"23":{"start":{"line":81,"column":18},"end":{"line":81,"column":52}},"24":{"start":{"line":82,"column":4},"end":{"line":89,"column":7}},"25":{"start":{"line":83,"column":6},"end":{"line":88,"column":9}},"26":{"start":{"line":84,"column":8},"end":{"line":87,"column":11}},"27":{"start":{"line":93,"column":4},"end":{"line":106,"column":10}},"28":{"start":{"line":110,"column":25},"end":{"line":110,"column":54}},"29":{"start":{"line":111,"column":4},"end":{"line":111,"column":67}},"30":{"start":{"line":112,"column":4},"end":{"line":117,"column":10}},"31":{"start":{"line":118,"column":4},"end":{"line":118,"column":24}}},"fnMap":{"0":{"name":"(anonymous_0)","decl":{"start":{"line":6,"column":2},"end":{"line":6,"column":3}},"loc":{"start":{"line":6,"column":20},"end":{"line":10,"column":3}},"line":6},"1":{"name":"(anonymous_1)","decl":{"start":{"line":12,"column":2},"end":{"line":12,"column":3}},"loc":{"start":{"line":12,"column":17},"end":{"line":28,"column":3}},"line":12},"2":{"name":"(anonymous_2)","decl":{"start":{"line":30,"column":2},"end":{"line":30,"column":3}},"loc":{"start":{"line":30,"column":16},"end":{"line":56,"column":3}},"line":30},"3":{"name":"(anonymous_3)","decl":{"start":{"line":51,"column":27},"end":{"line":51,"column":28}},"loc":{"start":{"line":51,"column":37},"end":{"line":51,"column":76}},"line":51},"4":{"name":"(anonymous_4)","decl":{"start":{"line":58,"column":2},"end":{"line":58,"column":3}},"loc":{"start":{"line":58,"column":34},"end":{"line":78,"column":3}},"line":58},"5":{"name":"(anonymous_5)","decl":{"start":{"line":80,"column":2},"end":{"line":80,"column":3}},"loc":{"start":{"line":80,"column":24},"end":{"line":90,"column":3}},"line":80},"6":{"name":"(anonymous_6)","decl":{"start":{"line":82,"column":18},"end":{"line":82,"column":19}},"loc":{"start":{"line":82,"column":28},"end":{"line":89,"column":5}},"line":82},"7":{"name":"(anonymous_7)","decl":{"start":{"line":83,"column":37},"end":{"line":83,"column":38}},"loc":{"start":{"line":83,"column":44},"end":{"line":88,"column":7}},"line":83},"8":{"name":"(anonymous_8)","decl":{"start":{"line":92,"column":2},"end":{"line":92,"column":3}},"loc":{"start":{"line":92,"column":28},"end":{"line":107,"column":3}},"line":92},"9":{"name":"(anonymous_9)","decl":{"start":{"line":109,"column":2},"end":{"line":109,"column":3}},"loc":{"start":{"line":109,"column":16},"end":{"line":119,"column":3}},"line":109}},"branchMap":{"0":{"loc":{"start":{"line":62,"column":4},"end":{"line":62,"column":34}},"type":"if","locations":[{"start":{"line":62,"column":4},"end":{"line":62,"column":34}},{"start":{},"end":{}}],"line":62}},"s":{"0":0,"1":0,"2":0,"3":0,"4":0,"5":0,"6":0,"7":0,"8":0,"9":0,"10":0,"11":0,"12":0,"13":0,"14":0,"15":0,"16":0,"17":0,"18":0,"19":0,"20":0,"21":0,"22":0,"23":0,"24":0,"25":0,"26":0,"27":0,"28":0,"29":0,"30":0,"31":0},"f":{"0":0,"1":0,"2":0,"3":0,"4":0,"5":0,"6":0,"7":0,"8":0,"9":0},"b":{"0":[0,0]}}
,"E:\\BotApp\\AB-Developemtent---Design\\src\\scripts\\core\\event-bus.js": {"path":"E:\\BotApp\\AB-Developemtent---Design\\src\\scripts\\core\\event-bus.js","statementMap":{"0":{"start":{"line":4,"column":4},"end":{"line":4,"column":28}},"1":{"start":{"line":5,"column":4},"end":{"line":5,"column":27}},"2":{"start":{"line":6,"column":4},"end":{"line":6,"column":30}},"3":{"start":{"line":10,"column":4},"end":{"line":12,"column":5}},"4":{"start":{"line":11,"column":6},"end":{"line":11,"column":40}},"5":{"start":{"line":14,"column":22},"end":{"line":14,"column":44}},"6":{"start":{"line":15,"column":21},"end":{"line":15,"column":42}},"7":{"start":{"line":16,"column":4},"end":{"line":16,"column":28}},"8":{"start":{"line":19,"column":4},"end":{"line":23,"column":6}},"9":{"start":{"line":20,"column":6},"end":{"line":22,"column":7}},"10":{"start":{"line":21,"column":8},"end":{"line":21,"column":35}},"11":{"start":{"line":27,"column":4},"end":{"line":27,"column":52}},"12":{"start":{"line":31,"column":4},"end":{"line":31,"column":40}},"13":{"start":{"line":31,"column":33},"end":{"line":31,"column":40}},"14":{"start":{"line":33,"column":22},"end":{"line":33,"column":44}},"15":{"start":{"line":34,"column":4},"end":{"line":38,"column":5}},"16":{"start":{"line":35,"column":6},"end":{"line":37,"column":7}},"17":{"start":{"line":36,"column":8},"end":{"line":36,"column":35}},"18":{"start":{"line":43,"column":4},"end":{"line":43,"column":31}},"19":{"start":{"line":46,"column":4},"end":{"line":60,"column":5}},"20":{"start":{"line":47,"column":24},"end":{"line":47,"column":46}},"21":{"start":{"line":48,"column":6},"end":{"line":59,"column":7}},"22":{"start":{"line":49,"column":8},"end":{"line":58,"column":9}},"23":{"start":{"line":50,"column":10},"end":{"line":50,"column":34}},"24":{"start":{"line":53,"column":10},"end":{"line":55,"column":11}},"25":{"start":{"line":54,"column":12},"end":{"line":54,"column":39}},"26":{"start":{"line":57,"column":10},"end":{"line":57,"column":72}},"27":{"start":{"line":64,"column":4},"end":{"line":68,"column":7}},"28":{"start":{"line":71,"column":4},"end":{"line":73,"column":5}},"29":{"start":{"line":72
[...]
11},"end":{"line":64,"column":5}},"24":{"start":{"line":63,"column":6},"end":{"line":63,"column":38}},"25":{"start":{"line":68,"column":4},"end":{"line":78,"column":7}},"26":{"start":{"line":69,"column":18},"end":{"line":69,"column":33}},"27":{"start":{"line":70,"column":6},"end":{"line":73,"column":7}},"28":{"start":{"line":71,"column":8},"end":{"line":71,"column":46}},"29":{"start":{"line":72,"column":8},"end":{"line":72,"column":15}},"30":{"start":{"line":75,"column":6},"end":{"line":75,"column":38}},"31":{"start":{"line":75,"column":25},"end":{"line":75,"column":37}},"32":{"start":{"line":76,"column":6},"end":{"line":76,"column":27}},"33":{"start":{"line":77,"column":6},"end":{"line":77,"column":20}},"34":{"start":{"line":82,"column":4},"end":{"line":96,"column":7}},"35":{"start":{"line":83,"column":18},"end":{"line":83,"column":44}},"36":{"start":{"line":84,"column":6},"end":{"line":87,"column":7}},"37":{"start":{"line":85,"column":8},"end":{"line":85,"column":53}},"38":{"start":{"line":86,"column":8},"end":{"line":86,"column":15}},"39":{"start":{"line":89,"column":18},"end":{"line":89,"column":29}},"40":{"start":{"line":90,"column":6},"end":{"line":93,"column":8}},"41":{"start":{"line":91,"column":8},"end":{"line":91,"column":54}},"42":{"start":{"line":92,"column":8},"end":{"line":92,"column":25}},"43":{"start":{"line":94,"column":6},"end":{"line":94,"column":27}},"44":{"start":{"line":95,"column":6},"end":{"line":95,"column":20}},"45":{"start":{"line":100,"column":4},"end":{"line":114,"column":7}},"46":{"start":{"line":101,"column":18},"end":{"line":101,"column":37}},"47":{"start":{"line":102,"column":6},"end":{"line":105,"column":7}},"48":{"start":{"line":103,"column":8},"end":{"line":103,"column":46}},"49":{"start":{"line":104,"column":8},"end":{"line":104,"column":15}},"50":{"start":{"line":107,"column":6},"end":{"line":113,"column":23}},"51":{"start":{"line":108,"column":28},"end":{"line":108,"column":43}},"52":{"start":{"line":110,"column":10},"end":{"line":110,"column":38}},"53":{"start":{"line":111,"column":10},"end":{"line":111,"column":27}},"54":{"start":{"line":118,"column":26},"end":{"line":118,"column":42}}},"fnMap":{"0":{"name":"(anonymous_0)","decl":{"start":{"line":3,"column":2},"end":{"line":3,"column":3}},"loc":{"start":{"line":3,"column":28},"end":{"line":14,"column":3}},"line":3},"1":{"name":"(anonymous_1)","decl":{"start":{"line":16,"column":2},"end":{"line":16,"column":3}},"loc":{"start":{"line":16,"column":9},"end":{"line":24,"column":3}},"line":16},"2":{"name":"(anonymous_2)","decl":{"start":{"line":26,"column":2},"end":{"line":26,"column":3}},"loc":{"start":{"line":26,"column":20},"end":{"line":35,"column":3}},"line":26},"3":{"name":"(anonymous_3)","decl":{"start":{"line":31,"column":21},"end":{"line":31,"column":22}},"loc":{"start":{"line":31,"column":34},"end":{"line":34,"column":5}},"line":31},"4":{"name":"(anonymous_4)","decl":{"start":{"line":37,"column":2},"end":{"line":37,"column":3}},"loc":{"start":{"line":37,"column":36},"end":{"line":54,"column":3}},"line":37},"5":{"name":"(anonymous_5)","decl":{"start":{"line":56,"column":2},"end":{"line":56,"column":3}},"loc":{"start":{"line":56,"column":29},"end":{"line":65,"column":3}},"line":56},"6":{"name":"(anonymous_6)","decl":{"start":{"line":67,"column":2},"end":{"line":67,"column":3}},"loc":{"start":{"line":67,"column":17},"end":{"line":79,"column":3}},"line":67},"7":{"name":"(anonymous_7)","decl":{"start":{"line":68,"column":23},"end":{"line":68,"column":24}},"loc":{"start":{"line":68,"column":44},"end":{"line":78,"column":5}},"line":68},"8":{"name":"(anonymous_8)","decl":{"start":{"line":75,"column":19},"end":{"line":75,"column":20}},"loc":{"start":{"line":75,"column":25},"end":{"line":75,"column":37}},"line":75},"9":{"name":"(anonymous_9)","decl":{"start":{"line":81,"column":2},"end":{"line":81,"column":3}},"loc":{"start":{"line":81,"column":26},"end":{"line":97,"column":3}},"line":81},"10":{"name":"(anonymous_10)","decl":{"start":{"line":82,"column":23},"end":{"line":82,"column":24}},"loc":{"start":{"line":82,"column":44},"end":{"line":96,"column":5}},"line":82},"11":{"name":"(anonymous_11)","decl":{"start":{"line":90,"column":19},"end":{"line":90,"column":20}},"loc":{"start":{"line":90,"column":25},"end":{"line":93,"column":7}},"line":90},"12":{"name":"(anonymous_12)","decl":{"start":{"line":99,"column":2},"end":{"line":99,"column":3}},"loc":{"start":{"line":99,"column":23},"end":{"line":115,"column":3}},"line":99},"13":{"name":"(anonymous_13)","decl":{"start":{"line":100,"column":23},"end":{"line":100,"column":24}},"loc":{"start":{"line":100,"column":44},"end":{"line":114,"column":5}},"line":100},"14":{"name":"(anonymous_14)","decl":{"start":{"line":108,"column":14},"end":{"line":108,"column":15}},"loc":{"start":{"line":108,"column":28},"end":{"line":108,"column":43}},"line":108},"15":{"name":"(anonymous_15)","decl":{"start":{"line":109,"column":14},"end":{"line":109,"column":15}},"loc":{"start":{"line":109,"column":27},"end":{"line":112,"column":9}},"line":109}},"branchMap":{"0":{"loc":{"start":{"line":3,"column":14},"end":{"line":3,"column":26}},"type":"default-arg","locations":[{"start":{"line":3,"column":24},"end":{"line":3,"column":26}}],"line":3},"1":{"loc":{"start":{"line":27,"column":4},"end":{"line":29,"column":5}},"type":"if","locations":[{"start":{"line":27,"column":4},"end":{"line":29,"column":5}},{"start":{},"end":{}}],"line":27},"2":{"loc":{"start":{"line":39,"column":6},"end":{"line":52,"column":7}},"type":"if","locations":[{"start":{"line":39,"column":6},"end":{"line":52,"column":7}},{"start":{},"end":{}}],"line":39},"3":{"loc":{"start":{"line":58,"column":4},"end":{"line":64,"column":5}},"type":"if","locations":[{"start":{"line":58,"column":4},"end":{"line":64,"column":5}},{"start":{"line":60,"column":11},"end":{"line":64,"column":5}}],"line":58},"4":{"loc":{"start":{"line":60,"column":11},"end":{"line":64,"column":5}},"type":"if","locations":[{"start":{"line":60,"column":11},"end":{"line":64,"column":5}},{"start":{"line":62,"column":11},"end":{"line":64,"column":5}}],"line":60},"5":{"loc":{"start":{"line":62,"column":11},"end":{"line":64,"column":5}},"type":"if","locations":[{"start":{"line":62,"column":11},"end":{"line":64,"column":5}},{"start":{},"end":{}}],"line":62},"6":{"loc":{"start":{"line":70,"column":6},"end":{"line":73,"column":7}},"type":"if","locations":[{"start":{"line":70,"column":6},"end":{"line":73,"column":7}},{"start":{},"end":{}}],"line":70},"7":{"loc":{"start":{"line":84,"column":6},"end":{"line":87,"column":7}},"type":"if","locations":[{"start":{"line":84,"column":6},"end":{"line":87,"column":7}},{"start":{},"end":{}}],"line":84},"8":{"loc":{"start":{"line":102,"column":6},"end":{"line":105,"column":7}},"type":"if","locations":[{"start":{"line":102,"column":6},"end":{"line":105,"column":7}},{"start":{},"end":{}}],"line":102}},"s":{"0":0,"1":0,"2":0,"3":0,"4":0,"5":0,"6":0,"7":0,"8":0,"9":0,"10":0,"11":0,"12":0,"13":0,"14":0,"15":0,"16":0,"17":0,"18":0,"19":0,"20":0,"21":0,"22":0,"23":0,"24":0,"25":0,"26":0,"27":0,"28":0,"29":0,"30":0,"31":0,"32":0,"33":0,"34":0,"35":0,"36":0,"37":0,"38":0,"39":0,"40":0,"41":0,"42":0,"43":0,"44":0,"45":0,"46":0,"47":0,"48":0,"49":0,"50":0,"51":0,"52":0,"53":0,"54":0},"f":{"0":0,"1":0,"2":0,"3":0,"4":0,"5":0,"6":0,"7":0,"8":0,"9":0,"10":0,"11":0,"12":0,"13":0,"14":0,"15":0},"b":{"0":[0],"1":[0,0],"2":[0,0],"3":[0,0],"4":[0,0],"5":[0,0],"6":[0,0],"7":[0,0],"8":[0,0]}}
,"E:\\BotApp\\AB-Developemtent---Design\\src\\scripts\\utils\\ripple.js": {"path":"E:\\BotApp\\AB-Developemtent---Design\\src\\scripts\\utils\\ripple.js","statementMap":{"0":{"start":{"line":4,"column":4},"end":{"line":9,"column":6}},"1":{"start":{"line":13,"column":4},"end":{"line":13,"column":25}},"2":{"start":{"line":13,"column":18},"end":{"line":13,"column":25}},"3":{"start":{"line":15,"column":4},"end":{"line":15,"column":27}},"4":{"start":{"line":16,"column":4},"end":{"line":16,"column":51}},"5":{"start":{"line":17,"column":4},"end":{"line":17,"column":44}},"6":{"start":{"line":19,"column":4},"end":{"line":19,"column":23}},"7":{"start":{"line":20,"column":4},"end":{"line":20,"column":31}},"8":{"start":{"line":22,"column":4},"end":{"line":22,"column":47}},"9":{"start":{"line":22,"column":32},"end":{"line":22,"column":45}},"10":{"start":{"line":26,"column":30},"end":{"line":26,"column":66}},"11":{"start":{"line":28,"column":4},"end":{"line":28,"column":56}},"12":{"start":{"line":29,"column":4},"end":{"line":29,"column":58}},"13":{"start":{"line":30,"column":4},"end":{"line":30,"column":43}},"14":{"start":{"line":31,"column":4},"end":{"line":31,"column":45}},"15":{"start":{"line":33,"column":4},"end":{"line":33,"column":42}},"16":{"start":{"line":35,"column":4},"end":{"line":35,"column":31}},"17":{"start":{"line":40,"column":4},"end":{"line":40,"column":22}},"18":{"start":{"line":43,"column":4},"end":{"line":46,"column":6}},"19":{"start":{"line":50,"column":19},"end":{"line":56,"column":5}},"20":{"start":{"line":58,"column":4},"end":{"line":58,"column":30}},"21":{"start":{"line":62,"column":4},"end":{"line":66,"column":7}},"22":{"start":{"line":63,"column":6},"end":{"line":63,"column":19}},"23":{"start":{"line":64,"column":6},"end":{"line":64,"column":30}},"24":{"start":{"line":65,"column":6},"end":{"line":65,"column":36}},"25":{"start":{"line":70,"column":4},"end":{"line":75,"column":7}},"26":{"start":{"line":71,"column":19},"end":{"line":71,"column":55}},"27":{"start":{"line":72,"column":16},"end":{"line":72,"column":37}},"28":{"start":{"line":73,"column":16},"end":{"line":73,"column":36}},"29":{"start":{"line":74,"column":6},"end":{"line":74,"column":27}},"30":{"start":{"line":77,"column":4},"end":{"line":79,"column":7}},"31":{"start":{"line":78,"column":6},"end":{"line":78,"column":25}},"32":{"start":{"line":83,"column":4},"end":{"line":83,"column":25}},"33":{"start":{"line":86,"column":4},"end":{"line":86,"column":68}},"34":{"start":{"line":89,"column":4},"end":{"line":94,"column":7}},"35":{"start":{"line":90,"column":6},"end":{"line":90,"column":27}},"36":{"start":{"line":91,"column":6},"end":{"line":91,"column":70}},"37":{"start":{"line":92,"column":6},"end":{"line":92,"column":69}},"38":{"start":{"line":93,"column":6},"end":{"line":93,"column":22}},"39":{"start":{"line":96,"column":4},"end":{"line":96,"column":47}},"40":{"start":{"line":96,"column":32},"end":{"line":96,"column":45}},"41":{"start":{"line":100,"column":4},"end":{"line":102,"column":5}},"42":{"start":{"line":101,"column":6},"end":{"line":101,"column":27}}},"fnMap":{"0":{"name":"(anonymous_0)","decl":{"start":{"line":3,"column":2},"end":{"line":3,"column":3}},"loc":{"start":{"line":3,"column":28},"end":{"line":10,"column":3}},"line":3},"1":{"name":"(anonymous_1)","decl":{"start":{"line":12,"column":2},"end":{"line":12,"column":3}},"loc":{"start":{"line":12,"column":16},"end":{"line":23,"column":3}},"line":12},"2":{"name":"(anonymous_2)","decl":{"start":{"line":22,"column":26},"end":{"line":22,"column":27}},"loc":{"start":{"line":22,"column":32},"end":{"line":22,"column":45}},"line":22},"3":{"name":"(anonymous_3)","decl":{"start":{"line":25,"column":2},"end":{"line":25,"column":3}},"loc":{"start":{"line":25,"column":16},"end":{"line":36,"column":3}},"line":25},"4":{"name":"(anonymous_4)","decl":{"start":{"line":38,"column":2},"end":{"line":38,"column":3}},"loc":{"start":{"line":38,"column":24},"end":{"line":47,"column":3}},"line":38},"5":{"name":"(anonymous_5)","decl":{"start":{"line":49,"column":2},"end":{"line":49,"column":3}},"loc":{"start":{"line":49,"column":18},"end":{"line":59,"column":3}},"line":49},"6":{"name":"(anonymous_6)","decl":{"start":{"line":61,"column":2},"end":{"line":61,"column":3}},"loc":{"start":{"line":61,"column":18},"end":{"line":67,"column":3}},"line":61},"7":{"name":"(anonymous_7)","decl":{"start":{"line":62,"column":39},"end":{"line":62,"column":40}},"loc":{"start":{"line":62,"column":51},"end":{"line":66,"column":5}},"line":62},"8":{"name":"(anonymous_8)","decl":{"start":{"line":69,"column":2},"end":{"line":69,"column":3}},"loc":{"start":{"line":69,"column":24},"end":{"line":80,"column":3}},"line":69},"9":{"name":"(anonymous_9)","decl":{"start":{"line":70,"column":47},"end":{"line":70,"column":48}},"loc":{"start":{"line":70,"column":54},"end":{"line":75,"column":5}},"line":70},"10":{"name":"(anonymous_10)","decl":{"start":{"line":77,"column":38},"end":{"line":77,"column":39}},"loc":{"start":{"line":77,"column":44},"end":{"line":79,"column":5}},"line":77},"11":{"name":"(anonymous_11)","decl":{"start":{"line":82,"column":2},"end":{"line":82,"column":3}},"loc":{"start":{"line":82,"column":11},"end":{"line":97,"column":3}},"line":82},"12":{"name":"(anonymous_12)","decl":{"start":{"line":89,"column":25},"end":{"line":89,"column":26}},"loc":{"start":{"line":89,"column":37},"end":{"line":94,"column":5}},"line":89},"13":{"name":"(anonymous_13)","decl":{"start":{"line":96,"column":26},"end":{"line":96,"column":27}},"loc":{"start":{"line":96,"column":32},"end":{"line":96,"column":45}},"line":96},"14":{"name":"(anonymous_14)","decl":{"start":{"line":99,"column":2},"end":{"line":99,"column":3}},"loc":{"start":{"line":99,"column":12},"end":{"line":103,"column":3}},"line":99}},"branchMap":{"0":{"loc":{"start":{"line":3,"column":14},"end":{"line":3,"column":26}},"type":"default-arg","locations":[{"start":{"line":3,"column":24},"end":{"line":3,"column":26}}],"line":3},"1":{"loc":{"start":{"line":13,"column":4},"end":{"line":13,"column":25}},"type":"if","locations":[{"start":{"line":13,"column":4},"end":{"line":13,"column":25}},{"start":{},"end":{}}],"line":13},"2":{"loc":{"start":{"line":100,"column":4},"end":{"line":102,"column":5}},"type":"if","locations":[{"start":{"line":100,"column":4},"end":{"line":102,"column":5}},{"start":{},"end":{}}],"line":100}},"s":{"0":0,"1":0,"2":0,"3":0,"4":0,"5":0,"6":0,"7":0,"8":0,"9":0,"10":0,"11":0,"12":0,"13":0,"14":0,"15":0,"16":0,"17":0,"18":0,"19":0,"20":0,"21":0,"22":0,"23":0,"24":0,"25":0,"26":0,"27":0,"28":0,"29":0,"30":0,"31":0,"32":0,"33":0,"34":0,"35":0,"36":0,"37":0,"38":0,"39":0,"40":0,"41":0,"42":0},"f":{"0":0,"1":0,"2":0,"3":0,"4":0,"5":0,"6":0,"7":0,"8":0,"9":0,"10":0,"11":0,"12":0,"13":0,"14":0},"b":{"0":[0],"1":[0,0],"2":[0,0]}}
,"E:\\BotApp\\AB-Developemtent---Design\\src\\scripts\\utils\\viewport.js": {"path":"E:\\BotApp\\AB-Developemtent---Design\\src\\scripts\\utils\\viewport.js","statementMap":{"0":{"start":{"line":4,"column":4},"end":{"line":9,"column":6}},"1":{"start":{"line":11,"column":4},"end":{"line":11,"column":31}},"2":{"start":{"line":12,"column":4},"end":{"line":12,"column":57}},"3":{"start":{"line":14,"column":4},"end":{"line":14,"column":16}},"4":{"start":{"line":18,"column":4},"end":{"line":18,"column":68}},"5":{"start":{"line":19,"column":4},"end":{"line":19,"column":79}},"6":{"start":{"line":23,"column":18},"end":{"line":23,"column":35}},"7":{"start":{"line":24,"column":4},"end":{"line":24,"column":58}},"8":{"start":{"line":24,"column":42},"end":{"line":24,"column":58}},"9":{"start":{"line":25,"column":4},"end":{"line":25,"column":58}},"10":{"start":{"line":25,"column":42},"end":{"line":25,"column":58}},"11":{"start":{"line":26,"column":4},"end":{"line":26,"column":60}},"12":{"start":{"line":26,"column":43},"end":{"line":26,"column":60}},"13":{"start":{"line":27,"column":4},"end":{"line":27,"column":18}},"14":{"start":{"line":31,"column":26},"end":{"line":31,"column":53}},"15":{"start":{"line":32,"column":4},"end":{"line":36,"column":5}},"16":{"start":{"line":33,"column":28},"end":{"line":33,"column":50}},"17":{"start":{"line":34,"column":6},"end":{"line":34,"column":45}},"18":{"start":{"line":35,"column":6},"end":{"line":35,"column":57}},"19":{"start":{"line":40,"column":4},"end":{"line":40,"column":33}},"20":{"start":{"line":41,"column":4},"end":{"line":41,"column":43}},"21":{"start":{"line":42,"column":4},"end":{"line":42,"column":49}},"22":{"start":{"line":42,"column":17},"end":{"line":42,"column":48}},"23":{"start":{"line":46,"column":4},"end":{"line":48,"column":7}},"24":{"start":{"line":47,"column":6},"end":{"line":47,"column":45}},"25":{"start":{"line":52,"column":4},"end":{"line":52,"column":49}},"26":{"start":{"line":56,"column":4},"end":{"line":56,"column":39}},"27":{"start":{"line":60,"column":4},"end":{"line":60,"column":39}},"28":{"start":{"line":64,"column":4},"end":{"line":64,"column":69}},"29":{"start":{"line":68,"column":24},"end":{"line":68,"column":45}}},"fnMap":{"0":{"name":"(anonymous_0)","decl":{"start":{"line":3,"column":2},"end":{"line":3,"column":3}},"loc":{"start":{"line":3,"column":16},"end":{"line":15,"column":3}},"line":3},"1":{"name":"(anonymous_1)","decl":{"start":{"line":17,"column":2},"end":{"line":17,"column":3}},"loc":{"start":{"line":17,"column":9},"end":{"line":20,"column":3}},"line":17},"2":{"name":"(anonymous_2)","decl":{"start":{"line":22,"column":2},"end":{"line":22,"column":3}},"loc":{"start":{"line":22,"column":25},"end":{"line":28,"column":3}},"line":22},"3":{"name":"(anonymous_3)","decl":{"start":{"line":30,"column":2},"end":{"line":30,"column":3}},"loc":{"start":{"line":30,"column":17},"end":{"line":37,"column":3}},"line":30},"4":{"name":"(anonymous_4)","decl":{"start":{"line":39,"column":2},"end":{"line":39,"column":3}},"loc":{"start":{"line":39,"column":20},"end":{"line":43,"column":3}},"line":39},"5":{"name":"(anonymous_5)","decl":{"start":{"line":42,"column":11},"end":{"line":42,"column":12}},"loc":{"start":{"line":42,"column":17},"end":{"line":42,"column":48}},"line":42},"6":{"name":"(anonymous_6)","decl":{"start":{"line":45,"column":2},"end":{"line":45,"column":3}},"loc":{"start":{"line":45,"column":48},"end":{"line":49,"column":3}},"line":45},"7":{"name":"(anonymous_7)","decl":{"start":{"line":46,"column":27},"end":{"line":46,"column":28}},"loc":{"start":{"line":46,"column":41},"end":{"line":48,"column":5}},"line":46},"8":{"name":"(anonymous_8)","decl":{"start":{"line":51,"column":2},"end":{"line":51,"column":3}},"loc":{"start":{"line":51,"column":27},"end":{"line":53,"column":3}},"line":51},"9":{"name":"(anonymous_9)","decl":{"start":{"line":55,"column":2},"end":{"line":55,"column":3}},"loc":{"start":{"line":55,"column":13},"end":{"line":57,"column":3}},"line":55},"10":{"name":"(anonymous_10)","decl":{"start":{"line":59,"column":2},"end":{"line":59,"column":3}},"loc":{"start":{"line":59,"column":13},"end":{"line":61,"column":3}},"line":59},"11":{"name":"(anonymous_11)","decl":{"start":{"line":63,"column":2},"end":{"line":63,"column":3}},"loc":{"start":{"line":63,"column":14},"end":{"line":65,"column":3}},"line":63}},"branchMap":{"0":{"loc":{"start":{"line":24,"column":4},"end":{"line":24,"column":58}},"type":"if","locations":[{"start":{"line":24,"column":4},"end":{"line":24,"column":58}},{"start":{},"end":{}}],"line":24},"1":{"loc":{"start":{"line":25,"column":4},"end":{"line":25,"column":58}},"type":"if","locations":[{"start":{"line":25,"column":4},"end":{"line":25,"column":58}},{"start":{},"end":{}}],"line":25},"2":{"loc":{"start":{"line":26,"column":4},"end":{"line":26,"column":60}},"type":"if","locations":[{"start":{"line":26,"column":4},"end":{"line":26,"column":60}},{"start":{},"end":{}}],"line":26},"3":{"loc":{"start":{"line":32,"column":4},"end":{"line":36,"column":5}},"type":"if","locations":[{"start":{"line":32,"column":4},"end":{"line":36,"column":5}},{"start":{},"end":{}}],"line":32},"4":{"loc":{"start":{"line":64,"column":11},"end":{"line":64,"column":68}},"type":"binary-expr","locations":[{"start":{"line":64,"column":11},"end":{"line":64,"column":39}},{"start":{"line":64,"column":43},"end":{"line":64,"column":68}}],"line":64}},"s":{"0":0,"1":0,"2":0,"3":0,"4":0,"5":0,"6":0,"7":0,"8":0,"9":0,"10":0,"11":0,"12":0,"13":0,"14":0,"15":0,"16":0,"17":0,"18":0,"19":0,"20":0,"21":0,"22":0,"23":0,"24":0,"25":0,"26":0,"27":0,"28":0,"29":0},"f":{"0":0,"1":0,"2":0,"3":0,"4":0,"5":0,"6":0,"7":0,"8":0,"9":0,"10":0,"11":0},"b":{"0":[0,0],"1":[0,0],"2":[0,0],"3":[0,0],"4":[0,0]}}
}
